2017-11-07 00:12:09,831 [main           ] INFO  r.d.m.MonitorApplication       - Starting MonitorApplication on WIN-CPFSJDN8SPF with PID 4828 (D:\IT-Energy\monitor\target\classes started by Администратор in D:\IT-Energy\monitor)
2017-11-07 00:12:09,831 [main           ] DEBUG r.d.m.MonitorApplication       - Running with Spring Boot v1.5.8.RELEASE, Spring v4.3.12.RELEASE
2017-11-07 00:12:09,831 [main           ] INFO  r.d.m.MonitorApplication       - No active profile set, falling back to default profiles: default
2017-11-07 00:12:10,268 [main           ] INFO  gEmbeddedWebApplicationContext - Refreshing org.springframework.boot.context.embedded.AnnotationConfigEmbeddedWebApplicationContext@c667f46: startup date [Tue Nov 07 00:12:10 MSK 2017]; root of context hierarchy
2017-11-07 00:12:11,360 [kground-preinit] INFO  o.h.v.i.u.Version              - HV000001: Hibernate Validator 5.3.5.Final
2017-11-07 00:12:12,467 [main           ] INFO  .b.f.x.XmlBeanDefinitionReader - Loading XML bean definitions from class path resource [META-INF/cxf/cxf.xml]
2017-11-07 00:12:15,166 [main           ] INFO  TomcatEmbeddedServletContainer - Tomcat initialized with port(s): 8888 (http)
2017-11-07 00:12:15,244 [main           ] INFO  o.a.c.c.StandardService        - Starting service [Tomcat]
2017-11-07 00:12:15,260 [main           ] INFO  o.a.c.c.StandardEngine         - Starting Servlet Engine: Apache Tomcat/8.5.23
2017-11-07 00:12:15,572 [ost-startStop-1] INFO  o.a.c.c.C.[.[.[/monitor]       - Initializing Spring embedded WebApplicationContext
2017-11-07 00:12:15,572 [ost-startStop-1] INFO  o.s.w.c.ContextLoader          - Root WebApplicationContext: initialization completed in 5304 ms
2017-11-07 00:12:15,837 [ost-startStop-1] WARN  PropertiesBindingPostProcessor - The @ConfigurationProperties bean class org.apache.cxf.spring.boot.autoconfigure.CxfProperties contains validation constraints but had not been annotated with @Validated.
2017-11-07 00:12:15,837 [ost-startStop-1] WARN  PropertiesBindingPostProcessor - The @ConfigurationProperties bean class org.apache.cxf.spring.boot.autoconfigure.CxfProperties contains validation constraints but had not been annotated with @Validated.
2017-11-07 00:12:15,837 [ost-startStop-1] WARN  PropertiesBindingPostProcessor - The @ConfigurationProperties bean class org.apache.cxf.spring.boot.autoconfigure.CxfProperties contains validation constraints but had not been annotated with @Validated.
2017-11-07 00:12:15,962 [ost-startStop-1] INFO  .b.w.s.ServletRegistrationBean - Mapping servlet: 'dispatcherServlet' to [/]
2017-11-07 00:12:15,962 [ost-startStop-1] INFO  .b.w.s.ServletRegistrationBean - Mapping servlet: 'CXFServlet' to [/services/*]
2017-11-07 00:12:15,962 [ost-startStop-1] INFO  s.b.w.s.FilterRegistrationBean - Mapping filter: 'characterEncodingFilter' to: [/*]
2017-11-07 00:12:15,962 [ost-startStop-1] INFO  s.b.w.s.FilterRegistrationBean - Mapping filter: 'hiddenHttpMethodFilter' to: [/*]
2017-11-07 00:12:15,962 [ost-startStop-1] INFO  s.b.w.s.FilterRegistrationBean - Mapping filter: 'httpPutFormContentFilter' to: [/*]
2017-11-07 00:12:15,962 [ost-startStop-1] INFO  s.b.w.s.FilterRegistrationBean - Mapping filter: 'requestContextFilter' to: [/*]
2017-11-07 00:12:16,477 [main           ] INFO  a.RequestMappingHandlerAdapter - Looking for @ControllerAdvice: org.springframework.boot.context.embedded.AnnotationConfigEmbeddedWebApplicationContext@c667f46: startup date [Tue Nov 07 00:12:10 MSK 2017]; root of context hierarchy
2017-11-07 00:12:16,711 [main           ] INFO  a.RequestMappingHandlerMapping - Mapped "{[/info/ping],methods=[GET],produces=[application/json]}" onto public java.util.Map<java.lang.String, java.lang.Object> ru.dtnm.monitor.rest.api.MonitorService.ping()
2017-11-07 00:12:16,726 [main           ] INFO  a.RequestMappingHandlerMapping - Mapped "{[/error]}" onto public org.springframework.http.ResponseEntity<java.util.Map<java.lang.String, java.lang.Object>> org.springframework.boot.autoconfigure.web.BasicErrorController.error(javax.servlet.http.HttpServletRequest)
2017-11-07 00:12:16,726 [main           ] INFO  a.RequestMappingHandlerMapping - Mapped "{[/error],produces=[text/html]}" onto public org.springframework.web.servlet.ModelAndView org.springframework.boot.autoconfigure.web.BasicErrorController.errorHtml(javax.servlet.http.HttpServletRequest,javax.servlet.http.HttpServletResponse)
2017-11-07 00:12:16,773 [main           ] INFO  .w.s.h.SimpleUrlHandlerMapping - Mapped URL path [/webjars/**] onto handler of type [class org.springframework.web.servlet.resource.ResourceHttpRequestHandler]
2017-11-07 00:12:16,773 [main           ] INFO  .w.s.h.SimpleUrlHandlerMapping - Mapped URL path [/**] onto handler of type [class org.springframework.web.servlet.resource.ResourceHttpRequestHandler]
2017-11-07 00:12:17,147 [main           ] INFO  .w.s.h.SimpleUrlHandlerMapping - Mapped URL path [/**/favicon.ico] onto handler of type [class org.springframework.web.servlet.resource.ResourceHttpRequestHandler]
2017-11-07 00:12:17,849 [main           ] INFO  .j.e.a.AnnotationMBeanExporter - Registering beans for JMX exposure on startup
2017-11-07 00:12:17,881 [main           ] INFO  o.a.c.h.Http11NioProtocol      - Initializing ProtocolHandler ["http-nio-8888"]
2017-11-07 00:12:17,912 [main           ] INFO  o.a.c.h.Http11NioProtocol      - Starting ProtocolHandler ["http-nio-8888"]
2017-11-07 00:12:17,927 [main           ] INFO  o.a.t.u.n.NioSelectorPool      - Using a shared selector for servlet write/read
2017-11-07 00:12:17,990 [main           ] INFO  TomcatEmbeddedServletContainer - Tomcat started on port(s): 8888 (http)
2017-11-07 00:12:17,990 [main           ] INFO  r.d.m.MonitorApplication       - Started MonitorApplication in 9.142 seconds (JVM running for 13.644)
2017-11-07 00:13:29,785 [main           ] INFO  r.d.m.MonitorApplication       - Starting MonitorApplication on WIN-CPFSJDN8SPF with PID 4500 (D:\IT-Energy\monitor\target\classes started by Администратор in D:\IT-Energy\monitor)
2017-11-07 00:13:29,801 [main           ] DEBUG r.d.m.MonitorApplication       - Running with Spring Boot v1.5.8.RELEASE, Spring v4.3.12.RELEASE
2017-11-07 00:13:29,801 [main           ] INFO  r.d.m.MonitorApplication       - No active profile set, falling back to default profiles: default
2017-11-07 00:13:29,879 [main           ] INFO  gEmbeddedWebApplicationContext - Refreshing org.springframework.boot.context.embedded.AnnotationConfigEmbeddedWebApplicationContext@c667f46: startup date [Tue Nov 07 00:13:29 MSK 2017]; root of context hierarchy
2017-11-07 00:13:30,316 [kground-preinit] INFO  o.h.v.i.u.Version              - HV000001: Hibernate Validator 5.3.5.Final
2017-11-07 00:13:30,955 [main           ] INFO  .b.f.x.XmlBeanDefinitionReader - Loading XML bean definitions from class path resource [META-INF/cxf/cxf.xml]
2017-11-07 00:13:32,063 [main           ] INFO  TomcatEmbeddedServletContainer - Tomcat initialized with port(s): 8888 (http)
2017-11-07 00:13:32,063 [main           ] INFO  o.a.c.c.StandardService        - Starting service [Tomcat]
2017-11-07 00:13:32,063 [main           ] INFO  o.a.c.c.StandardEngine         - Starting Servlet Engine: Apache Tomcat/8.5.23
2017-11-07 00:13:32,250 [ost-startStop-1] INFO  o.a.c.c.C.[.[.[/monitor]       - Initializing Spring embedded WebApplicationContext
2017-11-07 00:13:32,250 [ost-startStop-1] INFO  o.s.w.c.ContextLoader          - Root WebApplicationContext: initialization completed in 2371 ms
2017-11-07 00:13:32,468 [ost-startStop-1] WARN  PropertiesBindingPostProcessor - The @ConfigurationProperties bean class org.apache.cxf.spring.boot.autoconfigure.CxfProperties contains validation constraints but had not been annotated with @Validated.
2017-11-07 00:13:32,468 [ost-startStop-1] WARN  PropertiesBindingPostProcessor - The @ConfigurationProperties bean class org.apache.cxf.spring.boot.autoconfigure.CxfProperties contains validation constraints but had not been annotated with @Validated.
2017-11-07 00:13:32,468 [ost-startStop-1] WARN  PropertiesBindingPostProcessor - The @ConfigurationProperties bean class org.apache.cxf.spring.boot.autoconfigure.CxfProperties contains validation constraints but had not been annotated with @Validated.
2017-11-07 00:13:32,640 [ost-startStop-1] INFO  .b.w.s.ServletRegistrationBean - Mapping servlet: 'dispatcherServlet' to [/]
2017-11-07 00:13:32,640 [ost-startStop-1] INFO  .b.w.s.ServletRegistrationBean - Mapping servlet: 'CXFServlet' to [/services/*]
2017-11-07 00:13:32,640 [ost-startStop-1] INFO  s.b.w.s.FilterRegistrationBean - Mapping filter: 'characterEncodingFilter' to: [/*]
2017-11-07 00:13:32,640 [ost-startStop-1] INFO  s.b.w.s.FilterRegistrationBean - Mapping filter: 'hiddenHttpMethodFilter' to: [/*]
2017-11-07 00:13:32,640 [ost-startStop-1] INFO  s.b.w.s.FilterRegistrationBean - Mapping filter: 'httpPutFormContentFilter' to: [/*]
2017-11-07 00:13:32,640 [ost-startStop-1] INFO  s.b.w.s.FilterRegistrationBean - Mapping filter: 'requestContextFilter' to: [/*]
2017-11-07 00:13:33,358 [main           ] INFO  a.RequestMappingHandlerAdapter - Looking for @ControllerAdvice: org.springframework.boot.context.embedded.AnnotationConfigEmbeddedWebApplicationContext@c667f46: startup date [Tue Nov 07 00:13:29 MSK 2017]; root of context hierarchy
2017-11-07 00:13:33,436 [main           ] INFO  a.RequestMappingHandlerMapping - Mapped "{[/info/ping],methods=[GET],produces=[application/json]}" onto public java.util.Map<java.lang.String, java.lang.Object> ru.dtnm.monitor.rest.api.MonitorService.ping()
2017-11-07 00:13:33,451 [main           ] INFO  a.RequestMappingHandlerMapping - Mapped "{[/error]}" onto public org.springframework.http.ResponseEntity<java.util.Map<java.lang.String, java.lang.Object>> org.springframework.boot.autoconfigure.web.BasicErrorController.error(javax.servlet.http.HttpServletRequest)
2017-11-07 00:13:33,451 [main           ] INFO  a.RequestMappingHandlerMapping - Mapped "{[/error],produces=[text/html]}" onto public org.springframework.web.servlet.ModelAndView org.springframework.boot.autoconfigure.web.BasicErrorController.errorHtml(javax.servlet.http.HttpServletRequest,javax.servlet.http.HttpServletResponse)
2017-11-07 00:13:33,482 [main           ] INFO  .w.s.h.SimpleUrlHandlerMapping - Mapped URL path [/webjars/**] onto handler of type [class org.springframework.web.servlet.resource.ResourceHttpRequestHandler]
2017-11-07 00:13:33,482 [main           ] INFO  .w.s.h.SimpleUrlHandlerMapping - Mapped URL path [/**] onto handler of type [class org.springframework.web.servlet.resource.ResourceHttpRequestHandler]
2017-11-07 00:13:33,545 [main           ] INFO  .w.s.h.SimpleUrlHandlerMapping - Mapped URL path [/**/favicon.ico] onto handler of type [class org.springframework.web.servlet.resource.ResourceHttpRequestHandler]
2017-11-07 00:13:33,950 [main           ] INFO  .j.e.a.AnnotationMBeanExporter - Registering beans for JMX exposure on startup
2017-11-07 00:13:33,966 [main           ] INFO  ledAnnotationBeanPostProcessor - No TaskScheduler/ScheduledExecutorService bean found for scheduled processing
2017-11-07 00:13:33,982 [main           ] INFO  o.a.c.h.Http11NioProtocol      - Initializing ProtocolHandler ["http-nio-8888"]
2017-11-07 00:13:33,982 [main           ] INFO  o.a.c.h.Http11NioProtocol      - Starting ProtocolHandler ["http-nio-8888"]
2017-11-07 00:13:37,382 [main           ] INFO  o.a.t.u.n.NioSelectorPool      - Using a shared selector for servlet write/read
2017-11-07 00:13:37,413 [main           ] INFO  TomcatEmbeddedServletContainer - Tomcat started on port(s): 8888 (http)
2017-11-07 00:13:37,428 [main           ] INFO  r.d.m.MonitorApplication       - Started MonitorApplication in 8.08 seconds (JVM running for 8.987)
2017-11-07 00:13:38,552 [pool-2-thread-1] DEBUG r.d.m.c.SimpleChecker          - Success
2017-11-07 00:13:38,552 [pool-2-thread-1] DEBUG r.d.m.h.HistoryHandler         - >> writeHistory for mnemo=yandex and checkResul=ru.dtnm.monitor.model.CheckResult@f07aeaf
2017-11-07 00:13:44,526 [pool-2-thread-1] DEBUG r.d.m.c.SimpleChecker          - Success
2017-11-07 00:13:44,526 [pool-2-thread-1] DEBUG r.d.m.h.HistoryHandler         - >> writeHistory for mnemo=yandex and checkResul=ru.dtnm.monitor.model.CheckResult@4716b9ac
2017-11-07 00:13:50,626 [pool-2-thread-1] DEBUG r.d.m.c.SimpleChecker          - Success
2017-11-07 00:13:50,626 [pool-2-thread-1] DEBUG r.d.m.h.HistoryHandler         - >> writeHistory for mnemo=yandex and checkResul=ru.dtnm.monitor.model.CheckResult@676cb5f2
2017-11-07 00:13:56,616 [pool-2-thread-1] DEBUG r.d.m.c.SimpleChecker          - Success
2017-11-07 00:13:56,616 [pool-2-thread-1] DEBUG r.d.m.h.HistoryHandler         - >> writeHistory for mnemo=yandex and checkResul=ru.dtnm.monitor.model.CheckResult@7dd6ff48
2017-11-07 00:45:06,950 [main           ] INFO  r.d.m.MonitorApplication       - Starting MonitorApplication on WIN-CPFSJDN8SPF with PID 5696 (D:\IT-Energy\monitor\target\classes started by Администратор in D:\IT-Energy\monitor)
2017-11-07 00:45:06,950 [main           ] DEBUG r.d.m.MonitorApplication       - Running with Spring Boot v1.5.8.RELEASE, Spring v4.3.12.RELEASE
2017-11-07 00:45:06,950 [main           ] INFO  r.d.m.MonitorApplication       - No active profile set, falling back to default profiles: default
2017-11-07 00:45:07,028 [main           ] INFO  gEmbeddedWebApplicationContext - Refreshing org.springframework.boot.context.embedded.AnnotationConfigEmbeddedWebApplicationContext@c667f46: startup date [Tue Nov 07 00:45:07 MSK 2017]; root of context hierarchy
2017-11-07 00:45:07,995 [kground-preinit] INFO  o.h.v.i.u.Version              - HV000001: Hibernate Validator 5.3.5.Final
2017-11-07 00:45:08,510 [main           ] INFO  .b.f.x.XmlBeanDefinitionReader - Loading XML bean definitions from class path resource [META-INF/cxf/cxf.xml]
2017-11-07 00:45:09,680 [main           ] INFO  TomcatEmbeddedServletContainer - Tomcat initialized with port(s): 8888 (http)
2017-11-07 00:45:09,680 [main           ] INFO  o.a.c.c.StandardService        - Starting service [Tomcat]
2017-11-07 00:45:09,680 [main           ] INFO  o.a.c.c.StandardEngine         - Starting Servlet Engine: Apache Tomcat/8.5.23
2017-11-07 00:45:09,898 [ost-startStop-1] INFO  o.a.c.c.C.[.[.[/monitor]       - Initializing Spring embedded WebApplicationContext
2017-11-07 00:45:09,898 [ost-startStop-1] INFO  o.s.w.c.ContextLoader          - Root WebApplicationContext: initialization completed in 2870 ms
2017-11-07 00:45:10,163 [ost-startStop-1] WARN  PropertiesBindingPostProcessor - The @ConfigurationProperties bean class org.apache.cxf.spring.boot.autoconfigure.CxfProperties contains validation constraints but had not been annotated with @Validated.
2017-11-07 00:45:10,163 [ost-startStop-1] WARN  PropertiesBindingPostProcessor - The @ConfigurationProperties bean class org.apache.cxf.spring.boot.autoconfigure.CxfProperties contains validation constraints but had not been annotated with @Validated.
2017-11-07 00:45:10,163 [ost-startStop-1] WARN  PropertiesBindingPostProcessor - The @ConfigurationProperties bean class org.apache.cxf.spring.boot.autoconfigure.CxfProperties contains validation constraints but had not been annotated with @Validated.
2017-11-07 00:45:10,304 [ost-startStop-1] INFO  .b.w.s.ServletRegistrationBean - Mapping servlet: 'dispatcherServlet' to [/]
2017-11-07 00:45:10,319 [ost-startStop-1] INFO  .b.w.s.ServletRegistrationBean - Mapping servlet: 'CXFServlet' to [/services/*]
2017-11-07 00:45:10,319 [ost-startStop-1] INFO  s.b.w.s.FilterRegistrationBean - Mapping filter: 'characterEncodingFilter' to: [/*]
2017-11-07 00:45:10,319 [ost-startStop-1] INFO  s.b.w.s.FilterRegistrationBean - Mapping filter: 'hiddenHttpMethodFilter' to: [/*]
2017-11-07 00:45:10,319 [ost-startStop-1] INFO  s.b.w.s.FilterRegistrationBean - Mapping filter: 'httpPutFormContentFilter' to: [/*]
2017-11-07 00:45:10,319 [ost-startStop-1] INFO  s.b.w.s.FilterRegistrationBean - Mapping filter: 'requestContextFilter' to: [/*]
2017-11-07 00:45:10,928 [main           ] INFO  a.RequestMappingHandlerAdapter - Looking for @ControllerAdvice: org.springframework.boot.context.embedded.AnnotationConfigEmbeddedWebApplicationContext@c667f46: startup date [Tue Nov 07 00:45:07 MSK 2017]; root of context hierarchy
2017-11-07 00:45:11,037 [main           ] INFO  a.RequestMappingHandlerMapping - Mapped "{[/config/refresh],methods=[GET],produces=[application/json]}" onto public void ru.dtnm.monitor.rest.api.ConfigService.refreshConfig()
2017-11-07 00:45:11,037 [main           ] INFO  a.RequestMappingHandlerMapping - Mapped "{[/config/],methods=[GET],produces=[application/json]}" onto public ru.dtnm.monitor.model.config.MonitorConfig ru.dtnm.monitor.rest.api.ConfigService.getCurrentConfig() throws java.io.IOException
2017-11-07 00:45:11,037 [main           ] INFO  a.RequestMappingHandlerMapping - Mapped "{[/info/{mnemo}],methods=[GET],produces=[application/json]}" onto public java.lang.Object ru.dtnm.monitor.rest.api.MonitorService.getStatus(java.lang.String)
2017-11-07 00:45:11,037 [main           ] INFO  a.RequestMappingHandlerMapping - Mapped "{[/error]}" onto public org.springframework.http.ResponseEntity<java.util.Map<java.lang.String, java.lang.Object>> org.springframework.boot.autoconfigure.web.BasicErrorController.error(javax.servlet.http.HttpServletRequest)
2017-11-07 00:45:11,037 [main           ] INFO  a.RequestMappingHandlerMapping - Mapped "{[/error],produces=[text/html]}" onto public org.springframework.web.servlet.ModelAndView org.springframework.boot.autoconfigure.web.BasicErrorController.errorHtml(javax.servlet.http.HttpServletRequest,javax.servlet.http.HttpServletResponse)
2017-11-07 00:45:11,084 [main           ] INFO  .w.s.h.SimpleUrlHandlerMapping - Mapped URL path [/webjars/**] onto handler of type [class org.springframework.web.servlet.resource.ResourceHttpRequestHandler]
2017-11-07 00:45:11,084 [main           ] INFO  .w.s.h.SimpleUrlHandlerMapping - Mapped URL path [/**] onto handler of type [class org.springframework.web.servlet.resource.ResourceHttpRequestHandler]
2017-11-07 00:45:11,130 [main           ] INFO  .w.s.h.SimpleUrlHandlerMapping - Mapped URL path [/**/favicon.ico] onto handler of type [class org.springframework.web.servlet.resource.ResourceHttpRequestHandler]
2017-11-07 00:45:11,583 [main           ] INFO  .j.e.a.AnnotationMBeanExporter - Registering beans for JMX exposure on startup
2017-11-07 00:45:11,598 [main           ] INFO  ledAnnotationBeanPostProcessor - No TaskScheduler/ScheduledExecutorService bean found for scheduled processing
2017-11-07 00:45:11,598 [main           ] INFO  o.a.c.h.Http11NioProtocol      - Initializing ProtocolHandler ["http-nio-8888"]
2017-11-07 00:45:11,614 [main           ] INFO  o.a.c.h.Http11NioProtocol      - Starting ProtocolHandler ["http-nio-8888"]
2017-11-07 00:45:11,786 [main           ] INFO  o.a.t.u.n.NioSelectorPool      - Using a shared selector for servlet write/read
2017-11-07 00:45:11,801 [main           ] INFO  TomcatEmbeddedServletContainer - Tomcat started on port(s): 8888 (http)
2017-11-07 00:45:11,848 [main           ] INFO  r.d.m.MonitorApplication       - Started MonitorApplication in 5.257 seconds (JVM running for 6.047)
2017-11-07 00:45:12,597 [pool-2-thread-1] DEBUG r.d.m.c.SimpleChecker          - Success
2017-11-07 00:45:12,597 [pool-2-thread-1] DEBUG r.d.m.h.HistoryHandler         - >> writeHistory for mnemo=yandex and checkResult=[mnemo=yandex, url=http://ya.ru, status=UP]
2017-11-07 00:45:17,807 [pool-2-thread-1] DEBUG r.d.m.c.SimpleChecker          - Success
2017-11-07 00:45:17,807 [pool-2-thread-1] DEBUG r.d.m.h.HistoryHandler         - >> writeHistory for mnemo=yandex and checkResult=[mnemo=yandex, url=http://ya.ru, status=UP]
2017-11-07 00:45:22,940 [pool-2-thread-1] DEBUG r.d.m.c.SimpleChecker          - Success
2017-11-07 00:45:22,940 [pool-2-thread-1] DEBUG r.d.m.h.HistoryHandler         - >> writeHistory for mnemo=yandex and checkResult=[mnemo=yandex, url=http://ya.ru, status=UP]
2017-11-07 00:45:28,056 [pool-2-thread-1] DEBUG r.d.m.c.SimpleChecker          - Success
2017-11-07 00:45:28,056 [pool-2-thread-1] DEBUG r.d.m.h.HistoryHandler         - >> writeHistory for mnemo=yandex and checkResult=[mnemo=yandex, url=http://ya.ru, status=UP]
2017-11-07 00:45:32,908 [nio-8888-exec-1] INFO  o.a.c.c.C.[.[.[/monitor]       - Initializing Spring FrameworkServlet 'dispatcherServlet'
2017-11-07 00:45:32,908 [nio-8888-exec-1] INFO  o.s.w.s.DispatcherServlet      - FrameworkServlet 'dispatcherServlet': initialization started
2017-11-07 00:45:32,939 [nio-8888-exec-1] INFO  o.s.w.s.DispatcherServlet      - FrameworkServlet 'dispatcherServlet': initialization completed in 31 ms
2017-11-07 00:45:33,033 [nio-8888-exec-1] DEBUG r.d.m.h.HistoryHandler         - >> lastCheckResult for mnemo=null
2017-11-07 00:45:33,048 [nio-8888-exec-1] ERROR r.d.m.h.HistoryHandler         - Unable to read history: 
java.io.FileNotFoundException: D:\IT-Energy\monitor\history\null.json (Не удается найти указанный файл)
	at java.io.FileInputStream.open0(Native Method)
	at java.io.FileInputStream.open(FileInputStream.java:195)
	at java.io.FileInputStream.<init>(FileInputStream.java:138)
	at getLastCheckResult(HistoryHandler.java:68)
	at ru.dtnm.monitor.CheckerContainer.getLastCheckResult(CheckerContainer.java:72)
	at ru.dtnm.monitor.rest.api.MonitorService.getStatus(MonitorService.java:26)
	at sun.reflect.NativeMethodAccessorImpl.invoke0(Native Method)
	at sun.reflect.NativeMethodAccessorImpl.invoke(NativeMethodAccessorImpl.java:62)
	at sun.reflect.DelegatingMethodAccessorImpl.invoke(DelegatingMethodAccessorImpl.java:43)
	at java.lang.reflect.Method.invoke(Method.java:497)
	at org.springframework.web.method.support.InvocableHandlerMethod.doInvoke(InvocableHandlerMethod.java:205)
	at org.springframework.web.method.support.InvocableHandlerMethod.invokeForRequest(InvocableHandlerMethod.java:133)
	at org.springframework.web.servlet.mvc.method.annotation.ServletInvocableHandlerMethod.invokeAndHandle(ServletInvocableHandlerMethod.java:97)
	at org.springframework.web.servlet.mvc.method.annotation.RequestMappingHandlerAdapter.invokeHandlerMethod(RequestMappingHandlerAdapter.java:827)
	at org.springframework.web.servlet.mvc.method.annotation.RequestMappingHandlerAdapter.handleInternal(RequestMappingHandlerAdapter.java:738)
	at org.springframework.web.servlet.mvc.method.AbstractHandlerMethodAdapter.handle(AbstractHandlerMethodAdapter.java:85)
	at org.springframework.web.servlet.DispatcherServlet.doDispatch(DispatcherServlet.java:967)
	at org.springframework.web.servlet.DispatcherServlet.doService(DispatcherServlet.java:901)
	at org.springframework.web.servlet.FrameworkServlet.processRequest(FrameworkServlet.java:970)
	at org.springframework.web.servlet.FrameworkServlet.doGet(FrameworkServlet.java:861)
	at javax.servlet.http.HttpServlet.service(HttpServlet.java:635)
	at org.springframework.web.servlet.FrameworkServlet.service(FrameworkServlet.java:846)
	at javax.servlet.http.HttpServlet.service(HttpServlet.java:742)
	at org.apache.catalina.core.ApplicationFilterChain.internalDoFilter(ApplicationFilterChain.java:231)
	at org.apache.catalina.core.ApplicationFilterChain.doFilter(ApplicationFilterChain.java:166)
	at org.apache.tomcat.websocket.server.WsFilter.doFilter(WsFilter.java:52)
	at org.apache.catalina.core.ApplicationFilterChain.internalDoFilter(ApplicationFilterChain.java:193)
	at org.apache.catalina.core.ApplicationFilterChain.doFilter(ApplicationFilterChain.java:166)
	at org.springframework.web.filter.RequestContextFilter.doFilterInternal(RequestContextFilter.java:99)
	at org.springframework.web.filter.OncePerRequestFilter.doFilter(OncePerRequestFilter.java:107)
	at org.apache.catalina.core.ApplicationFilterChain.internalDoFilter(ApplicationFilterChain.java:193)
	at org.apache.catalina.core.ApplicationFilterChain.doFilter(ApplicationFilterChain.java:166)
	at org.springframework.web.filter.HttpPutFormContentFilter.doFilterInternal(HttpPutFormContentFilter.java:108)
	at org.springframework.web.filter.OncePerRequestFilter.doFilter(OncePerRequestFilter.java:107)
	at org.apache.catalina.core.ApplicationFilterChain.internalDoFilter(ApplicationFilterChain.java:193)
	at org.apache.catalina.core.ApplicationFilterChain.doFilter(ApplicationFilterChain.java:166)
	at org.springframework.web.filter.HiddenHttpMethodFilter.doFilterInternal(HiddenHttpMethodFilter.java:81)
	at org.springframework.web.filter.OncePerRequestFilter.doFilter(OncePerRequestFilter.java:107)
	at org.apache.catalina.core.ApplicationFilterChain.internalDoFilter(ApplicationFilterChain.java:193)
	at org.apache.catalina.core.ApplicationFilterChain.doFilter(ApplicationFilterChain.java:166)
	at org.springframework.web.filter.CharacterEncodingFilter.doFilterInternal(CharacterEncodingFilter.java:197)
	at org.springframework.web.filter.OncePerRequestFilter.doFilter(OncePerRequestFilter.java:107)
	at org.apache.catalina.core.ApplicationFilterChain.internalDoFilter(ApplicationFilterChain.java:193)
	at org.apache.catalina.core.ApplicationFilterChain.doFilter(ApplicationFilterChain.java:166)
	at org.apache.catalina.core.StandardWrapperValve.invoke(StandardWrapperValve.java:199)
	at org.apache.catalina.core.StandardContextValve.invoke(StandardContextValve.java:96)
	at org.apache.catalina.authenticator.AuthenticatorBase.invoke(AuthenticatorBase.java:478)
	at org.apache.catalina.core.StandardHostValve.invoke(StandardHostValve.java:140)
	at org.apache.catalina.valves.ErrorReportValve.invoke(ErrorReportValve.java:81)
	at org.apache.catalina.core.StandardEngineValve.invoke(StandardEngineValve.java:87)
	at org.apache.catalina.connector.CoyoteAdapter.service(CoyoteAdapter.java:342)
	at org.apache.coyote.http11.Http11Processor.service(Http11Processor.java:803)
	at org.apache.coyote.AbstractProcessorLight.process(AbstractProcessorLight.java:66)
	at org.apache.coyote.AbstractProtocol$ConnectionHandler.process(AbstractProtocol.java:868)
	at org.apache.tomcat.util.net.NioEndpoint$SocketProcessor.doRun(NioEndpoint.java:1459)
	at org.apache.tomcat.util.net.SocketProcessorBase.run(SocketProcessorBase.java:49)
	at java.util.concurrent.ThreadPoolExecutor.runWorker(ThreadPoolExecutor.java:1142)
	at java.util.concurrent.ThreadPoolExecutor$Worker.run(ThreadPoolExecutor.java:617)
	at org.apache.tomcat.util.threads.TaskThread$WrappingRunnable.run(TaskThread.java:61)
	at java.lang.Thread.run(Thread.java:745)
2017-11-07 00:45:33,282 [pool-2-thread-1] DEBUG r.d.m.c.SimpleChecker          - Success
2017-11-07 00:45:33,282 [pool-2-thread-1] DEBUG r.d.m.h.HistoryHandler         - >> writeHistory for mnemo=yandex and checkResult=[mnemo=yandex, url=http://ya.ru, status=UP]
2017-11-07 00:45:38,415 [pool-2-thread-1] DEBUG r.d.m.c.SimpleChecker          - Success
2017-11-07 00:45:38,415 [pool-2-thread-1] DEBUG r.d.m.h.HistoryHandler         - >> writeHistory for mnemo=yandex and checkResult=[mnemo=yandex, url=http://ya.ru, status=UP]
2017-11-07 00:45:43,548 [pool-2-thread-1] DEBUG r.d.m.c.SimpleChecker          - Success
2017-11-07 00:45:43,548 [pool-2-thread-1] DEBUG r.d.m.h.HistoryHandler         - >> writeHistory for mnemo=yandex and checkResult=[mnemo=yandex, url=http://ya.ru, status=UP]
2017-11-07 00:45:48,681 [pool-2-thread-1] DEBUG r.d.m.c.SimpleChecker          - Success
2017-11-07 00:45:48,681 [pool-2-thread-1] DEBUG r.d.m.h.HistoryHandler         - >> writeHistory for mnemo=yandex and checkResult=[mnemo=yandex, url=http://ya.ru, status=UP]
2017-11-07 00:45:53,782 [pool-2-thread-1] DEBUG r.d.m.c.SimpleChecker          - Success
2017-11-07 00:45:53,782 [pool-2-thread-1] DEBUG r.d.m.h.HistoryHandler         - >> writeHistory for mnemo=yandex and checkResult=[mnemo=yandex, url=http://ya.ru, status=UP]
2017-11-07 00:45:56,356 [nio-8888-exec-4] DEBUG r.d.m.h.HistoryHandler         - >> lastCheckResult for mnemo=null
2017-11-07 00:46:15,756 [nio-8888-exec-4] ERROR r.d.m.h.HistoryHandler         - Unable to read history: 
java.io.FileNotFoundException: D:\IT-Energy\monitor\history\null.json (Не удается найти указанный файл)
	at java.io.FileInputStream.open0(Native Method)
	at java.io.FileInputStream.open(FileInputStream.java:195)
	at java.io.FileInputStream.<init>(FileInputStream.java:138)
	at getLastCheckResult(HistoryHandler.java:68)
	at ru.dtnm.monitor.CheckerContainer.getLastCheckResult(CheckerContainer.java:72)
	at ru.dtnm.monitor.rest.api.MonitorService.getStatus(MonitorService.java:26)
	at sun.reflect.NativeMethodAccessorImpl.invoke0(Native Method)
	at sun.reflect.NativeMethodAccessorImpl.invoke(NativeMethodAccessorImpl.java:62)
	at sun.reflect.DelegatingMethodAccessorImpl.invoke(DelegatingMethodAccessorImpl.java:43)
	at java.lang.reflect.Method.invoke(Method.java:497)
	at org.springframework.web.method.support.InvocableHandlerMethod.doInvoke(InvocableHandlerMethod.java:205)
	at org.springframework.web.method.support.InvocableHandlerMethod.invokeForRequest(InvocableHandlerMethod.java:133)
	at org.springframework.web.servlet.mvc.method.annotation.ServletInvocableHandlerMethod.invokeAndHandle(ServletInvocableHandlerMethod.java:97)
	at org.springframework.web.servlet.mvc.method.annotation.RequestMappingHandlerAdapter.invokeHandlerMethod(RequestMappingHandlerAdapter.java:827)
	at org.springframework.web.servlet.mvc.method.annotation.RequestMappingHandlerAdapter.handleInternal(RequestMappingHandlerAdapter.java:738)
	at org.springframework.web.servlet.mvc.method.AbstractHandlerMethodAdapter.handle(AbstractHandlerMethodAdapter.java:85)
	at org.springframework.web.servlet.DispatcherServlet.doDispatch(DispatcherServlet.java:967)
	at org.springframework.web.servlet.DispatcherServlet.doService(DispatcherServlet.java:901)
	at org.springframework.web.servlet.FrameworkServlet.processRequest(FrameworkServlet.java:970)
	at org.springframework.web.servlet.FrameworkServlet.doGet(FrameworkServlet.java:861)
	at javax.servlet.http.HttpServlet.service(HttpServlet.java:635)
	at org.springframework.web.servlet.FrameworkServlet.service(FrameworkServlet.java:846)
	at javax.servlet.http.HttpServlet.service(HttpServlet.java:742)
	at org.apache.catalina.core.ApplicationFilterChain.internalDoFilter(ApplicationFilterChain.java:231)
	at org.apache.catalina.core.ApplicationFilterChain.doFilter(ApplicationFilterChain.java:166)
	at org.apache.tomcat.websocket.server.WsFilter.doFilter(WsFilter.java:52)
	at org.apache.catalina.core.ApplicationFilterChain.internalDoFilter(ApplicationFilterChain.java:193)
	at org.apache.catalina.core.ApplicationFilterChain.doFilter(ApplicationFilterChain.java:166)
	at org.springframework.web.filter.RequestContextFilter.doFilterInternal(RequestContextFilter.java:99)
	at org.springframework.web.filter.OncePerRequestFilter.doFilter(OncePerRequestFilter.java:107)
	at org.apache.catalina.core.ApplicationFilterChain.internalDoFilter(ApplicationFilterChain.java:193)
	at org.apache.catalina.core.ApplicationFilterChain.doFilter(ApplicationFilterChain.java:166)
	at org.springframework.web.filter.HttpPutFormContentFilter.doFilterInternal(HttpPutFormContentFilter.java:108)
	at org.springframework.web.filter.OncePerRequestFilter.doFilter(OncePerRequestFilter.java:107)
	at org.apache.catalina.core.ApplicationFilterChain.internalDoFilter(ApplicationFilterChain.java:193)
	at org.apache.catalina.core.ApplicationFilterChain.doFilter(ApplicationFilterChain.java:166)
	at org.springframework.web.filter.HiddenHttpMethodFilter.doFilterInternal(HiddenHttpMethodFilter.java:81)
	at org.springframework.web.filter.OncePerRequestFilter.doFilter(OncePerRequestFilter.java:107)
	at org.apache.catalina.core.ApplicationFilterChain.internalDoFilter(ApplicationFilterChain.java:193)
	at org.apache.catalina.core.ApplicationFilterChain.doFilter(ApplicationFilterChain.java:166)
	at org.springframework.web.filter.CharacterEncodingFilter.doFilterInternal(CharacterEncodingFilter.java:197)
	at org.springframework.web.filter.OncePerRequestFilter.doFilter(OncePerRequestFilter.java:107)
	at org.apache.catalina.core.ApplicationFilterChain.internalDoFilter(ApplicationFilterChain.java:193)
	at org.apache.catalina.core.ApplicationFilterChain.doFilter(ApplicationFilterChain.java:166)
	at org.apache.catalina.core.StandardWrapperValve.invoke(StandardWrapperValve.java:199)
	at org.apache.catalina.core.StandardContextValve.invoke(StandardContextValve.java:96)
	at org.apache.catalina.authenticator.AuthenticatorBase.invoke(AuthenticatorBase.java:478)
	at org.apache.catalina.core.StandardHostValve.invoke(StandardHostValve.java:140)
	at org.apache.catalina.valves.ErrorReportValve.invoke(ErrorReportValve.java:81)
	at org.apache.catalina.core.StandardEngineValve.invoke(StandardEngineValve.java:87)
	at org.apache.catalina.connector.CoyoteAdapter.service(CoyoteAdapter.java:342)
	at org.apache.coyote.http11.Http11Processor.service(Http11Processor.java:803)
	at org.apache.coyote.AbstractProcessorLight.process(AbstractProcessorLight.java:66)
	at org.apache.coyote.AbstractProtocol$ConnectionHandler.process(AbstractProtocol.java:868)
	at org.apache.tomcat.util.net.NioEndpoint$SocketProcessor.doRun(NioEndpoint.java:1459)
	at org.apache.tomcat.util.net.SocketProcessorBase.run(SocketProcessorBase.java:49)
	at java.util.concurrent.ThreadPoolExecutor.runWorker(ThreadPoolExecutor.java:1142)
	at java.util.concurrent.ThreadPoolExecutor$Worker.run(ThreadPoolExecutor.java:617)
	at org.apache.tomcat.util.threads.TaskThread$WrappingRunnable.run(TaskThread.java:61)
	at java.lang.Thread.run(Thread.java:745)
2017-11-07 00:46:15,912 [pool-2-thread-1] DEBUG r.d.m.c.SimpleChecker          - Success
2017-11-07 00:46:15,912 [pool-2-thread-1] DEBUG r.d.m.h.HistoryHandler         - >> writeHistory for mnemo=yandex and checkResult=[mnemo=yandex, url=http://ya.ru, status=UP]
2017-11-07 00:53:27,693 [main           ] INFO  r.d.m.MonitorApplication       - Starting MonitorApplication on WIN-CPFSJDN8SPF with PID 6040 (D:\IT-Energy\monitor\target\classes started by Администратор in D:\IT-Energy\monitor)
2017-11-07 00:53:27,693 [main           ] DEBUG r.d.m.MonitorApplication       - Running with Spring Boot v1.5.8.RELEASE, Spring v4.3.12.RELEASE
2017-11-07 00:53:27,693 [main           ] INFO  r.d.m.MonitorApplication       - No active profile set, falling back to default profiles: default
2017-11-07 00:53:27,802 [main           ] INFO  gEmbeddedWebApplicationContext - Refreshing org.springframework.boot.context.embedded.AnnotationConfigEmbeddedWebApplicationContext@c667f46: startup date [Tue Nov 07 00:53:27 MSK 2017]; root of context hierarchy
2017-11-07 00:53:28,613 [kground-preinit] INFO  o.h.v.i.u.Version              - HV000001: Hibernate Validator 5.3.5.Final
2017-11-07 00:53:28,988 [main           ] INFO  .b.f.x.XmlBeanDefinitionReader - Loading XML bean definitions from class path resource [META-INF/cxf/cxf.xml]
2017-11-07 00:53:30,142 [main           ] INFO  TomcatEmbeddedServletContainer - Tomcat initialized with port(s): 8888 (http)
2017-11-07 00:53:30,158 [main           ] INFO  o.a.c.c.StandardService        - Starting service [Tomcat]
2017-11-07 00:53:30,158 [main           ] INFO  o.a.c.c.StandardEngine         - Starting Servlet Engine: Apache Tomcat/8.5.23
2017-11-07 00:53:30,345 [ost-startStop-1] INFO  o.a.c.c.C.[.[.[/monitor]       - Initializing Spring embedded WebApplicationContext
2017-11-07 00:53:30,345 [ost-startStop-1] INFO  o.s.w.c.ContextLoader          - Root WebApplicationContext: initialization completed in 2543 ms
2017-11-07 00:53:30,563 [ost-startStop-1] WARN  PropertiesBindingPostProcessor - The @ConfigurationProperties bean class org.apache.cxf.spring.boot.autoconfigure.CxfProperties contains validation constraints but had not been annotated with @Validated.
2017-11-07 00:53:30,579 [ost-startStop-1] WARN  PropertiesBindingPostProcessor - The @ConfigurationProperties bean class org.apache.cxf.spring.boot.autoconfigure.CxfProperties contains validation constraints but had not been annotated with @Validated.
2017-11-07 00:53:30,579 [ost-startStop-1] WARN  PropertiesBindingPostProcessor - The @ConfigurationProperties bean class org.apache.cxf.spring.boot.autoconfigure.CxfProperties contains validation constraints but had not been annotated with @Validated.
2017-11-07 00:53:30,719 [ost-startStop-1] INFO  .b.w.s.ServletRegistrationBean - Mapping servlet: 'dispatcherServlet' to [/]
2017-11-07 00:53:30,719 [ost-startStop-1] INFO  .b.w.s.ServletRegistrationBean - Mapping servlet: 'CXFServlet' to [/services/*]
2017-11-07 00:53:30,719 [ost-startStop-1] INFO  s.b.w.s.FilterRegistrationBean - Mapping filter: 'characterEncodingFilter' to: [/*]
2017-11-07 00:53:30,719 [ost-startStop-1] INFO  s.b.w.s.FilterRegistrationBean - Mapping filter: 'hiddenHttpMethodFilter' to: [/*]
2017-11-07 00:53:30,719 [ost-startStop-1] INFO  s.b.w.s.FilterRegistrationBean - Mapping filter: 'httpPutFormContentFilter' to: [/*]
2017-11-07 00:53:30,719 [ost-startStop-1] INFO  s.b.w.s.FilterRegistrationBean - Mapping filter: 'requestContextFilter' to: [/*]
2017-11-07 00:53:31,265 [main           ] INFO  a.RequestMappingHandlerAdapter - Looking for @ControllerAdvice: org.springframework.boot.context.embedded.AnnotationConfigEmbeddedWebApplicationContext@c667f46: startup date [Tue Nov 07 00:53:27 MSK 2017]; root of context hierarchy
2017-11-07 00:53:31,343 [main           ] INFO  a.RequestMappingHandlerMapping - Mapped "{[/config/refresh],methods=[GET],produces=[application/json]}" onto public void ru.dtnm.monitor.rest.api.ConfigService.refreshConfig()
2017-11-07 00:53:31,343 [main           ] INFO  a.RequestMappingHandlerMapping - Mapped "{[/config/],methods=[GET],produces=[application/json]}" onto public ru.dtnm.monitor.model.config.MonitorConfig ru.dtnm.monitor.rest.api.ConfigService.getCurrentConfig() throws java.io.IOException
2017-11-07 00:53:31,343 [main           ] INFO  a.RequestMappingHandlerMapping - Mapped "{[/info/{mnemo}],methods=[GET],produces=[application/json]}" onto public ru.dtnm.monitor.model.CheckResult ru.dtnm.monitor.rest.api.MonitorService.getStatus(java.lang.String)
2017-11-07 00:53:31,343 [main           ] INFO  a.RequestMappingHandlerMapping - Mapped "{[/info/all],methods=[GET],produces=[application/json]}" onto public java.util.List<ru.dtnm.monitor.model.CheckResult> ru.dtnm.monitor.rest.api.MonitorService.getAllResults()
2017-11-07 00:53:31,343 [main           ] INFO  a.RequestMappingHandlerMapping - Mapped "{[/error]}" onto public org.springframework.http.ResponseEntity<java.util.Map<java.lang.String, java.lang.Object>> org.springframework.boot.autoconfigure.web.BasicErrorController.error(javax.servlet.http.HttpServletRequest)
2017-11-07 00:53:31,343 [main           ] INFO  a.RequestMappingHandlerMapping - Mapped "{[/error],produces=[text/html]}" onto public org.springframework.web.servlet.ModelAndView org.springframework.boot.autoconfigure.web.BasicErrorController.errorHtml(javax.servlet.http.HttpServletRequest,javax.servlet.http.HttpServletResponse)
2017-11-07 00:53:31,406 [main           ] INFO  .w.s.h.SimpleUrlHandlerMapping - Mapped URL path [/webjars/**] onto handler of type [class org.springframework.web.servlet.resource.ResourceHttpRequestHandler]
2017-11-07 00:53:31,406 [main           ] INFO  .w.s.h.SimpleUrlHandlerMapping - Mapped URL path [/**] onto handler of type [class org.springframework.web.servlet.resource.ResourceHttpRequestHandler]
2017-11-07 00:53:31,452 [main           ] INFO  .w.s.h.SimpleUrlHandlerMapping - Mapped URL path [/**/favicon.ico] onto handler of type [class org.springframework.web.servlet.resource.ResourceHttpRequestHandler]
2017-11-07 00:53:31,920 [main           ] INFO  .j.e.a.AnnotationMBeanExporter - Registering beans for JMX exposure on startup
2017-11-07 00:53:31,936 [main           ] INFO  ledAnnotationBeanPostProcessor - No TaskScheduler/ScheduledExecutorService bean found for scheduled processing
2017-11-07 00:53:31,952 [main           ] INFO  o.a.c.h.Http11NioProtocol      - Initializing ProtocolHandler ["http-nio-8888"]
2017-11-07 00:53:31,967 [main           ] INFO  o.a.c.h.Http11NioProtocol      - Starting ProtocolHandler ["http-nio-8888"]
2017-11-07 00:53:32,108 [main           ] INFO  o.a.t.u.n.NioSelectorPool      - Using a shared selector for servlet write/read
2017-11-07 00:53:32,123 [main           ] INFO  TomcatEmbeddedServletContainer - Tomcat started on port(s): 8888 (http)
2017-11-07 00:53:32,123 [main           ] INFO  r.d.m.MonitorApplication       - Started MonitorApplication in 4.773 seconds (JVM running for 5.505)
2017-11-07 00:53:33,059 [pool-2-thread-1] DEBUG r.d.m.c.SimpleChecker          - Success
2017-11-07 00:53:33,059 [pool-2-thread-1] DEBUG r.d.m.h.HistoryHandler         - >> writeHistory for mnemo=yandex and checkResult=[mnemo=yandex, url=http://ya.ru, status=UP]
2017-11-07 00:53:38,301 [pool-2-thread-1] DEBUG r.d.m.c.SimpleChecker          - Success
2017-11-07 00:53:38,301 [pool-2-thread-1] DEBUG r.d.m.h.HistoryHandler         - >> writeHistory for mnemo=yandex and checkResult=[mnemo=yandex, url=http://ya.ru, status=UP]
2017-11-07 00:53:43,480 [pool-2-thread-1] DEBUG r.d.m.c.SimpleChecker          - Success
2017-11-07 00:53:43,480 [pool-2-thread-1] DEBUG r.d.m.h.HistoryHandler         - >> writeHistory for mnemo=yandex and checkResult=[mnemo=yandex, url=http://ya.ru, status=UP]
2017-11-07 00:53:46,569 [nio-8888-exec-1] INFO  o.a.c.c.C.[.[.[/monitor]       - Initializing Spring FrameworkServlet 'dispatcherServlet'
2017-11-07 00:53:46,569 [nio-8888-exec-1] INFO  o.s.w.s.DispatcherServlet      - FrameworkServlet 'dispatcherServlet': initialization started
2017-11-07 00:53:46,585 [nio-8888-exec-1] INFO  o.s.w.s.DispatcherServlet      - FrameworkServlet 'dispatcherServlet': initialization completed in 16 ms
2017-11-07 00:53:46,616 [nio-8888-exec-1] DEBUG r.d.m.r.a.MonitorService       - >> getStatus by mnemo: yandex
2017-11-07 00:53:46,616 [nio-8888-exec-1] DEBUG r.d.m.h.HistoryHandler         - >> getLastCheckResult for mnemo=yandex
2017-11-07 00:53:50,282 [pool-2-thread-1] DEBUG r.d.m.c.SimpleChecker          - Success
2017-11-07 00:53:50,282 [pool-2-thread-1] DEBUG r.d.m.h.HistoryHandler         - >> writeHistory for mnemo=yandex and checkResult=[mnemo=yandex, url=http://ya.ru, status=UP]
2017-11-07 00:53:55,461 [pool-2-thread-1] DEBUG r.d.m.c.SimpleChecker          - Success
2017-11-07 00:53:55,461 [pool-2-thread-1] DEBUG r.d.m.h.HistoryHandler         - >> writeHistory for mnemo=yandex and checkResult=[mnemo=yandex, url=http://ya.ru, status=UP]
2017-11-07 00:53:56,163 [nio-8888-exec-8] DEBUG r.d.m.r.a.MonitorService       - >> getStatus by mnemo: yandex
2017-11-07 00:53:56,163 [nio-8888-exec-8] DEBUG r.d.m.h.HistoryHandler         - >> getLastCheckResult for mnemo=yandex
2017-11-07 00:54:00,593 [pool-2-thread-1] DEBUG r.d.m.c.SimpleChecker          - Success
2017-11-07 00:54:00,593 [pool-2-thread-1] DEBUG r.d.m.h.HistoryHandler         - >> writeHistory for mnemo=yandex and checkResult=[mnemo=yandex, url=http://ya.ru, status=UP]
2017-11-07 00:54:01,108 [nio-8888-exec-9] DEBUG r.d.m.r.a.MonitorService       - >> getStatus by mnemo: yandex
2017-11-07 00:54:01,108 [nio-8888-exec-9] DEBUG r.d.m.h.HistoryHandler         - >> getLastCheckResult for mnemo=yandex
2017-11-07 00:54:01,873 [nio-8888-exec-5] DEBUG r.d.m.r.a.MonitorService       - >> getStatus by mnemo: yandex
2017-11-07 00:54:01,873 [nio-8888-exec-5] DEBUG r.d.m.h.HistoryHandler         - >> getLastCheckResult for mnemo=yandex
2017-11-07 00:54:02,512 [nio-8888-exec-4] DEBUG r.d.m.r.a.MonitorService       - >> getStatus by mnemo: yandex
2017-11-07 00:54:02,512 [nio-8888-exec-4] DEBUG r.d.m.h.HistoryHandler         - >> getLastCheckResult for mnemo=yandex
2017-11-07 00:54:03,074 [nio-8888-exec-7] DEBUG r.d.m.r.a.MonitorService       - >> getStatus by mnemo: yandex
2017-11-07 00:54:03,074 [nio-8888-exec-7] DEBUG r.d.m.h.HistoryHandler         - >> getLastCheckResult for mnemo=yandex
2017-11-07 00:54:03,620 [nio-8888-exec-3] DEBUG r.d.m.r.a.MonitorService       - >> getStatus by mnemo: yandex
2017-11-07 00:54:03,620 [nio-8888-exec-3] DEBUG r.d.m.h.HistoryHandler         - >> getLastCheckResult for mnemo=yandex
2017-11-07 00:54:04,228 [nio-8888-exec-2] DEBUG r.d.m.r.a.MonitorService       - >> getStatus by mnemo: yandex
2017-11-07 00:54:04,228 [nio-8888-exec-2] DEBUG r.d.m.h.HistoryHandler         - >> getLastCheckResult for mnemo=yandex
2017-11-07 00:54:04,837 [io-8888-exec-10] DEBUG r.d.m.r.a.MonitorService       - >> getStatus by mnemo: yandex
2017-11-07 00:54:04,837 [io-8888-exec-10] DEBUG r.d.m.h.HistoryHandler         - >> getLastCheckResult for mnemo=yandex
2017-11-07 00:54:05,429 [nio-8888-exec-6] DEBUG r.d.m.r.a.MonitorService       - >> getStatus by mnemo: yandex
2017-11-07 00:54:05,429 [nio-8888-exec-6] DEBUG r.d.m.h.HistoryHandler         - >> getLastCheckResult for mnemo=yandex
2017-11-07 00:54:05,726 [pool-2-thread-1] DEBUG r.d.m.c.SimpleChecker          - Success
2017-11-07 00:54:05,726 [pool-2-thread-1] DEBUG r.d.m.h.HistoryHandler         - >> writeHistory for mnemo=yandex and checkResult=[mnemo=yandex, url=http://ya.ru, status=UP]
2017-11-07 00:54:06,069 [nio-8888-exec-1] DEBUG r.d.m.r.a.MonitorService       - >> getStatus by mnemo: yandex
2017-11-07 00:54:06,069 [nio-8888-exec-1] DEBUG r.d.m.h.HistoryHandler         - >> getLastCheckResult for mnemo=yandex
2017-11-07 00:54:06,771 [nio-8888-exec-8] DEBUG r.d.m.r.a.MonitorService       - >> getStatus by mnemo: yandex
2017-11-07 00:54:06,771 [nio-8888-exec-8] DEBUG r.d.m.h.HistoryHandler         - >> getLastCheckResult for mnemo=yandex
2017-11-07 00:54:07,457 [nio-8888-exec-9] DEBUG r.d.m.r.a.MonitorService       - >> getStatus by mnemo: yandex
2017-11-07 00:54:07,457 [nio-8888-exec-9] DEBUG r.d.m.h.HistoryHandler         - >> getLastCheckResult for mnemo=yandex
2017-11-07 00:54:07,972 [nio-8888-exec-5] DEBUG r.d.m.r.a.MonitorService       - >> getStatus by mnemo: yandex
2017-11-07 00:54:07,972 [nio-8888-exec-5] DEBUG r.d.m.h.HistoryHandler         - >> getLastCheckResult for mnemo=yandex
2017-11-07 00:54:08,518 [nio-8888-exec-4] DEBUG r.d.m.r.a.MonitorService       - >> getStatus by mnemo: yandex
2017-11-07 00:54:08,518 [nio-8888-exec-4] DEBUG r.d.m.h.HistoryHandler         - >> getLastCheckResult for mnemo=yandex
2017-11-07 00:54:09,205 [nio-8888-exec-7] DEBUG r.d.m.r.a.MonitorService       - >> getStatus by mnemo: yandex
2017-11-07 00:54:09,205 [nio-8888-exec-7] DEBUG r.d.m.h.HistoryHandler         - >> getLastCheckResult for mnemo=yandex
2017-11-07 00:54:09,969 [nio-8888-exec-3] DEBUG r.d.m.r.a.MonitorService       - >> getStatus by mnemo: yandex
2017-11-07 00:54:09,969 [nio-8888-exec-3] DEBUG r.d.m.h.HistoryHandler         - >> getLastCheckResult for mnemo=yandex
2017-11-07 00:54:10,874 [pool-2-thread-1] DEBUG r.d.m.c.SimpleChecker          - Success
2017-11-07 00:54:10,874 [pool-2-thread-1] DEBUG r.d.m.h.HistoryHandler         - >> writeHistory for mnemo=yandex and checkResult=[mnemo=yandex, url=http://ya.ru, status=UP]
2017-11-07 00:54:16,053 [pool-2-thread-1] DEBUG r.d.m.c.SimpleChecker          - Success
2017-11-07 00:54:16,053 [pool-2-thread-1] DEBUG r.d.m.h.HistoryHandler         - >> writeHistory for mnemo=yandex and checkResult=[mnemo=yandex, url=http://ya.ru, status=UP]
2017-11-07 00:54:21,232 [pool-2-thread-1] DEBUG r.d.m.c.SimpleChecker          - Success
2017-11-07 00:54:21,232 [pool-2-thread-1] DEBUG r.d.m.h.HistoryHandler         - >> writeHistory for mnemo=yandex and checkResult=[mnemo=yandex, url=http://ya.ru, status=UP]
2017-11-07 00:55:08,990 [main           ] INFO  r.d.m.MonitorApplication       - Starting MonitorApplication on WIN-CPFSJDN8SPF with PID 2632 (D:\IT-Energy\monitor\target\classes started by Администратор in D:\IT-Energy\monitor)
2017-11-07 00:55:09,006 [main           ] DEBUG r.d.m.MonitorApplication       - Running with Spring Boot v1.5.8.RELEASE, Spring v4.3.12.RELEASE
2017-11-07 00:55:09,006 [main           ] INFO  r.d.m.MonitorApplication       - No active profile set, falling back to default profiles: default
2017-11-07 00:55:09,099 [main           ] INFO  gEmbeddedWebApplicationContext - Refreshing org.springframework.boot.context.embedded.AnnotationConfigEmbeddedWebApplicationContext@c667f46: startup date [Tue Nov 07 00:55:09 MSK 2017]; root of context hierarchy
2017-11-07 00:55:09,598 [kground-preinit] INFO  o.h.v.i.u.Version              - HV000001: Hibernate Validator 5.3.5.Final
2017-11-07 00:55:10,160 [main           ] INFO  .b.f.x.XmlBeanDefinitionReader - Loading XML bean definitions from class path resource [META-INF/cxf/cxf.xml]
2017-11-07 00:55:11,252 [main           ] INFO  TomcatEmbeddedServletContainer - Tomcat initialized with port(s): 8888 (http)
2017-11-07 00:55:11,268 [main           ] INFO  o.a.c.c.StandardService        - Starting service [Tomcat]
2017-11-07 00:55:11,268 [main           ] INFO  o.a.c.c.StandardEngine         - Starting Servlet Engine: Apache Tomcat/8.5.23
2017-11-07 00:55:11,455 [ost-startStop-1] INFO  o.a.c.c.C.[.[.[/monitor]       - Initializing Spring embedded WebApplicationContext
2017-11-07 00:55:11,470 [ost-startStop-1] INFO  o.s.w.c.ContextLoader          - Root WebApplicationContext: initialization completed in 2371 ms
2017-11-07 00:55:11,642 [ost-startStop-1] WARN  PropertiesBindingPostProcessor - The @ConfigurationProperties bean class org.apache.cxf.spring.boot.autoconfigure.CxfProperties contains validation constraints but had not been annotated with @Validated.
2017-11-07 00:55:11,642 [ost-startStop-1] WARN  PropertiesBindingPostProcessor - The @ConfigurationProperties bean class org.apache.cxf.spring.boot.autoconfigure.CxfProperties contains validation constraints but had not been annotated with @Validated.
2017-11-07 00:55:11,642 [ost-startStop-1] WARN  PropertiesBindingPostProcessor - The @ConfigurationProperties bean class org.apache.cxf.spring.boot.autoconfigure.CxfProperties contains validation constraints but had not been annotated with @Validated.
2017-11-07 00:55:11,767 [ost-startStop-1] INFO  .b.w.s.ServletRegistrationBean - Mapping servlet: 'dispatcherServlet' to [/]
2017-11-07 00:55:11,782 [ost-startStop-1] INFO  .b.w.s.ServletRegistrationBean - Mapping servlet: 'CXFServlet' to [/services/*]
2017-11-07 00:55:11,782 [ost-startStop-1] INFO  s.b.w.s.FilterRegistrationBean - Mapping filter: 'characterEncodingFilter' to: [/*]
2017-11-07 00:55:11,782 [ost-startStop-1] INFO  s.b.w.s.FilterRegistrationBean - Mapping filter: 'hiddenHttpMethodFilter' to: [/*]
2017-11-07 00:55:11,782 [ost-startStop-1] INFO  s.b.w.s.FilterRegistrationBean - Mapping filter: 'httpPutFormContentFilter' to: [/*]
2017-11-07 00:55:11,782 [ost-startStop-1] INFO  s.b.w.s.FilterRegistrationBean - Mapping filter: 'requestContextFilter' to: [/*]
2017-11-07 00:55:12,313 [main           ] INFO  a.RequestMappingHandlerAdapter - Looking for @ControllerAdvice: org.springframework.boot.context.embedded.AnnotationConfigEmbeddedWebApplicationContext@c667f46: startup date [Tue Nov 07 00:55:09 MSK 2017]; root of context hierarchy
2017-11-07 00:55:12,375 [main           ] INFO  a.RequestMappingHandlerMapping - Mapped "{[/config/],methods=[GET],produces=[application/json]}" onto public ru.dtnm.monitor.model.config.MonitorConfig ru.dtnm.monitor.rest.api.ConfigService.getCurrentConfig() throws java.io.IOException
2017-11-07 00:55:12,375 [main           ] INFO  a.RequestMappingHandlerMapping - Mapped "{[/config/refresh],methods=[GET],produces=[application/json]}" onto public void ru.dtnm.monitor.rest.api.ConfigService.refreshConfig()
2017-11-07 00:55:12,375 [main           ] INFO  a.RequestMappingHandlerMapping - Mapped "{[/info/all],methods=[GET],produces=[application/json]}" onto public java.util.List<ru.dtnm.monitor.model.CheckResult> ru.dtnm.monitor.rest.api.MonitorService.getAllResults()
2017-11-07 00:55:12,391 [main           ] INFO  a.RequestMappingHandlerMapping - Mapped "{[/info/{mnemo}],methods=[GET],produces=[application/json]}" onto public ru.dtnm.monitor.model.CheckResult ru.dtnm.monitor.rest.api.MonitorService.getStatus(java.lang.String)
2017-11-07 00:55:12,391 [main           ] INFO  a.RequestMappingHandlerMapping - Mapped "{[/error]}" onto public org.springframework.http.ResponseEntity<java.util.Map<java.lang.String, java.lang.Object>> org.springframework.boot.autoconfigure.web.BasicErrorController.error(javax.servlet.http.HttpServletRequest)
2017-11-07 00:55:12,391 [main           ] INFO  a.RequestMappingHandlerMapping - Mapped "{[/error],produces=[text/html]}" onto public org.springframework.web.servlet.ModelAndView org.springframework.boot.autoconfigure.web.BasicErrorController.errorHtml(javax.servlet.http.HttpServletRequest,javax.servlet.http.HttpServletResponse)
2017-11-07 00:55:12,422 [main           ] INFO  .w.s.h.SimpleUrlHandlerMapping - Mapped URL path [/webjars/**] onto handler of type [class org.springframework.web.servlet.resource.ResourceHttpRequestHandler]
2017-11-07 00:55:12,422 [main           ] INFO  .w.s.h.SimpleUrlHandlerMapping - Mapped URL path [/**] onto handler of type [class org.springframework.web.servlet.resource.ResourceHttpRequestHandler]
2017-11-07 00:55:12,469 [main           ] INFO  .w.s.h.SimpleUrlHandlerMapping - Mapped URL path [/**/favicon.ico] onto handler of type [class org.springframework.web.servlet.resource.ResourceHttpRequestHandler]
2017-11-07 00:55:12,828 [main           ] INFO  .j.e.a.AnnotationMBeanExporter - Registering beans for JMX exposure on startup
2017-11-07 00:55:12,859 [main           ] INFO  ledAnnotationBeanPostProcessor - No TaskScheduler/ScheduledExecutorService bean found for scheduled processing
2017-11-07 00:55:12,874 [main           ] INFO  o.a.c.h.Http11NioProtocol      - Initializing ProtocolHandler ["http-nio-8888"]
2017-11-07 00:55:12,890 [main           ] INFO  o.a.c.h.Http11NioProtocol      - Starting ProtocolHandler ["http-nio-8888"]
2017-11-07 00:55:12,999 [main           ] INFO  o.a.t.u.n.NioSelectorPool      - Using a shared selector for servlet write/read
2017-11-07 00:55:13,046 [main           ] INFO  TomcatEmbeddedServletContainer - Tomcat started on port(s): 8888 (http)
2017-11-07 00:55:13,077 [main           ] INFO  r.d.m.MonitorApplication       - Started MonitorApplication in 4.742 seconds (JVM running for 5.538)
2017-11-07 00:55:13,654 [pool-2-thread-1] DEBUG r.d.m.c.SimpleChecker          - Success
2017-11-07 00:55:13,654 [pool-2-thread-1] DEBUG r.d.m.h.HistoryHandler         - >> writeHistory for mnemo=yandex and checkResult=[mnemo=yandex, url=http://ya.ru, status=UP]
2017-11-07 00:55:13,826 [pool-2-thread-1] DEBUG r.d.m.c.SimpleChecker          - Success
2017-11-07 00:55:13,826 [pool-2-thread-1] DEBUG r.d.m.h.HistoryHandler         - >> writeHistory for mnemo=google and checkResult=[mnemo=google, url=http://google.com, status=UP]
2017-11-07 00:55:14,107 [pool-2-thread-1] WARN  a.h.c.p.ResponseProcessCookies - Invalid cookie header: "Set-Cookie: proselytize=1; domain=.rambler.ru; path=/; expires=_Wed, 20-Jul-18 23:55:55 GMT". Invalid 'expires' attribute: _Wed, 20-Jul-18 23:55:55 GMT
2017-11-07 00:55:14,107 [pool-2-thread-1] DEBUG r.d.m.c.SimpleChecker          - Success
2017-11-07 00:55:14,107 [pool-2-thread-1] DEBUG r.d.m.h.HistoryHandler         - >> writeHistory for mnemo=rambler and checkResult=[mnemo=rambler, url=http://rambler.ru, status=UP]
2017-11-07 00:55:19,302 [pool-2-thread-1] DEBUG r.d.m.c.SimpleChecker          - Success
2017-11-07 00:55:19,302 [pool-2-thread-1] DEBUG r.d.m.h.HistoryHandler         - >> writeHistory for mnemo=yandex and checkResult=[mnemo=yandex, url=http://ya.ru, status=UP]
2017-11-07 00:55:19,426 [pool-2-thread-1] DEBUG r.d.m.c.SimpleChecker          - Success
2017-11-07 00:55:19,442 [pool-2-thread-1] DEBUG r.d.m.h.HistoryHandler         - >> writeHistory for mnemo=google and checkResult=[mnemo=google, url=http://google.com, status=UP]
2017-11-07 00:55:19,473 [pool-2-thread-1] WARN  a.h.c.p.ResponseProcessCookies - Invalid cookie header: "Set-Cookie: proselytize=1; domain=.rambler.ru; path=/; expires=_Wed, 20-Jul-18 23:55:55 GMT". Invalid 'expires' attribute: _Wed, 20-Jul-18 23:55:55 GMT
2017-11-07 00:55:19,473 [pool-2-thread-1] DEBUG r.d.m.c.SimpleChecker          - Success
2017-11-07 00:55:19,473 [pool-2-thread-1] DEBUG r.d.m.h.HistoryHandler         - >> writeHistory for mnemo=rambler and checkResult=[mnemo=rambler, url=http://rambler.ru, status=UP]
2017-11-07 00:55:24,606 [pool-2-thread-1] DEBUG r.d.m.c.SimpleChecker          - Success
2017-11-07 00:55:24,606 [pool-2-thread-1] DEBUG r.d.m.h.HistoryHandler         - >> writeHistory for mnemo=yandex and checkResult=[mnemo=yandex, url=http://ya.ru, status=UP]
2017-11-07 00:55:24,746 [pool-2-thread-1] DEBUG r.d.m.c.SimpleChecker          - Success
2017-11-07 00:55:24,746 [pool-2-thread-1] DEBUG r.d.m.h.HistoryHandler         - >> writeHistory for mnemo=google and checkResult=[mnemo=google, url=http://google.com, status=UP]
2017-11-07 00:55:24,918 [pool-2-thread-1] WARN  a.h.c.p.ResponseProcessCookies - Invalid cookie header: "Set-Cookie: proselytize=1; domain=.rambler.ru; path=/; expires=_Wed, 20-Jul-18 23:55:55 GMT". Invalid 'expires' attribute: _Wed, 20-Jul-18 23:55:55 GMT
2017-11-07 00:55:24,918 [pool-2-thread-1] DEBUG r.d.m.c.SimpleChecker          - Success
2017-11-07 00:55:24,918 [pool-2-thread-1] DEBUG r.d.m.h.HistoryHandler         - >> writeHistory for mnemo=rambler and checkResult=[mnemo=rambler, url=http://rambler.ru, status=UP]
2017-11-07 00:55:30,066 [pool-2-thread-1] DEBUG r.d.m.c.SimpleChecker          - Success
2017-11-07 00:55:30,066 [pool-2-thread-1] DEBUG r.d.m.h.HistoryHandler         - >> writeHistory for mnemo=yandex and checkResult=[mnemo=yandex, url=http://ya.ru, status=UP]
2017-11-07 00:55:30,206 [pool-2-thread-1] DEBUG r.d.m.c.SimpleChecker          - Success
2017-11-07 00:55:30,222 [pool-2-thread-1] DEBUG r.d.m.h.HistoryHandler         - >> writeHistory for mnemo=google and checkResult=[mnemo=google, url=http://google.com, status=UP]
2017-11-07 00:55:30,253 [pool-2-thread-1] WARN  a.h.c.p.ResponseProcessCookies - Invalid cookie header: "Set-Cookie: proselytize=1; domain=.rambler.ru; path=/; expires=_Wed, 20-Jul-18 23:55:55 GMT". Invalid 'expires' attribute: _Wed, 20-Jul-18 23:55:55 GMT
2017-11-07 00:55:30,253 [pool-2-thread-1] DEBUG r.d.m.c.SimpleChecker          - Success
2017-11-07 00:55:30,253 [pool-2-thread-1] DEBUG r.d.m.h.HistoryHandler         - >> writeHistory for mnemo=rambler and checkResult=[mnemo=rambler, url=http://rambler.ru, status=UP]
2017-11-07 00:55:32,562 [nio-8888-exec-4] INFO  o.a.c.c.C.[.[.[/monitor]       - Initializing Spring FrameworkServlet 'dispatcherServlet'
2017-11-07 00:55:32,562 [nio-8888-exec-4] INFO  o.s.w.s.DispatcherServlet      - FrameworkServlet 'dispatcherServlet': initialization started
2017-11-07 00:55:32,577 [nio-8888-exec-4] INFO  o.s.w.s.DispatcherServlet      - FrameworkServlet 'dispatcherServlet': initialization completed in 15 ms
2017-11-07 00:55:32,608 [nio-8888-exec-4] DEBUG r.d.m.r.a.MonitorService       - >> getStatus by mnemo: rambler
2017-11-07 00:55:32,608 [nio-8888-exec-4] DEBUG r.d.m.h.HistoryHandler         - >> getLastCheckResult for mnemo=rambler
2017-11-07 00:55:32,671 [nio-8888-exec-4] WARN  efaultHandlerExceptionResolver - Failed to write HTTP message: org.springframework.http.converter.HttpMessageNotWritableException: Could not write JSON: (was java.lang.NullPointerException); nested exception is com.fasterxml.jackson.databind.JsonMappingException: (was java.lang.NullPointerException) (through reference chain: ru.dtnm.monitor.model.CheckResult["lastResponseString"])
2017-11-07 00:55:35,416 [pool-2-thread-1] DEBUG r.d.m.c.SimpleChecker          - Success
2017-11-07 00:55:35,416 [pool-2-thread-1] DEBUG r.d.m.h.HistoryHandler         - >> writeHistory for mnemo=yandex and checkResult=[mnemo=yandex, url=http://ya.ru, status=UP]
2017-11-07 00:55:35,541 [pool-2-thread-1] DEBUG r.d.m.c.SimpleChecker          - Success
2017-11-07 00:55:35,541 [pool-2-thread-1] DEBUG r.d.m.h.HistoryHandler         - >> writeHistory for mnemo=google and checkResult=[mnemo=google, url=http://google.com, status=UP]
2017-11-07 00:55:35,588 [pool-2-thread-1] WARN  a.h.c.p.ResponseProcessCookies - Invalid cookie header: "Set-Cookie: proselytize=1; domain=.rambler.ru; path=/; expires=_Wed, 20-Jul-18 23:55:55 GMT". Invalid 'expires' attribute: _Wed, 20-Jul-18 23:55:55 GMT
2017-11-07 00:55:35,588 [pool-2-thread-1] DEBUG r.d.m.c.SimpleChecker          - Success
2017-11-07 00:55:35,588 [pool-2-thread-1] DEBUG r.d.m.h.HistoryHandler         - >> writeHistory for mnemo=rambler and checkResult=[mnemo=rambler, url=http://rambler.ru, status=UP]
2017-11-07 00:55:40,705 [pool-2-thread-1] DEBUG r.d.m.c.SimpleChecker          - Success
2017-11-07 00:55:40,705 [pool-2-thread-1] DEBUG r.d.m.h.HistoryHandler         - >> writeHistory for mnemo=yandex and checkResult=[mnemo=yandex, url=http://ya.ru, status=UP]
2017-11-07 00:55:40,845 [pool-2-thread-1] DEBUG r.d.m.c.SimpleChecker          - Success
2017-11-07 00:55:40,845 [pool-2-thread-1] DEBUG r.d.m.h.HistoryHandler         - >> writeHistory for mnemo=google and checkResult=[mnemo=google, url=http://google.com, status=UP]
2017-11-07 00:55:40,877 [pool-2-thread-1] WARN  a.h.c.p.ResponseProcessCookies - Invalid cookie header: "Set-Cookie: proselytize=1; domain=.rambler.ru; path=/; expires=_Wed, 20-Jul-18 23:55:55 GMT". Invalid 'expires' attribute: _Wed, 20-Jul-18 23:55:55 GMT
2017-11-07 00:55:40,877 [pool-2-thread-1] DEBUG r.d.m.c.SimpleChecker          - Success
2017-11-07 00:55:40,877 [pool-2-thread-1] DEBUG r.d.m.h.HistoryHandler         - >> writeHistory for mnemo=rambler and checkResult=[mnemo=rambler, url=http://rambler.ru, status=UP]
2017-11-07 00:55:46,040 [pool-2-thread-1] DEBUG r.d.m.c.SimpleChecker          - Success
2017-11-07 00:55:46,040 [pool-2-thread-1] DEBUG r.d.m.h.HistoryHandler         - >> writeHistory for mnemo=yandex and checkResult=[mnemo=yandex, url=http://ya.ru, status=UP]
2017-11-07 00:55:46,196 [pool-2-thread-1] DEBUG r.d.m.c.SimpleChecker          - Success
2017-11-07 00:55:46,196 [pool-2-thread-1] DEBUG r.d.m.h.HistoryHandler         - >> writeHistory for mnemo=google and checkResult=[mnemo=google, url=http://google.com, status=UP]
2017-11-07 00:55:46,259 [pool-2-thread-1] WARN  a.h.c.p.ResponseProcessCookies - Invalid cookie header: "Set-Cookie: proselytize=1; domain=.rambler.ru; path=/; expires=_Wed, 20-Jul-18 23:55:55 GMT". Invalid 'expires' attribute: _Wed, 20-Jul-18 23:55:55 GMT
2017-11-07 00:55:46,259 [pool-2-thread-1] DEBUG r.d.m.c.SimpleChecker          - Success
2017-11-07 00:55:46,259 [pool-2-thread-1] DEBUG r.d.m.h.HistoryHandler         - >> writeHistory for mnemo=rambler and checkResult=[mnemo=rambler, url=http://rambler.ru, status=UP]
2017-11-07 00:55:51,375 [pool-2-thread-1] DEBUG r.d.m.c.SimpleChecker          - Success
2017-11-07 00:55:51,375 [pool-2-thread-1] DEBUG r.d.m.h.HistoryHandler         - >> writeHistory for mnemo=yandex and checkResult=[mnemo=yandex, url=http://ya.ru, status=UP]
2017-11-07 00:55:51,547 [pool-2-thread-1] DEBUG r.d.m.c.SimpleChecker          - Success
2017-11-07 00:55:51,547 [pool-2-thread-1] DEBUG r.d.m.h.HistoryHandler         - >> writeHistory for mnemo=google and checkResult=[mnemo=google, url=http://google.com, status=UP]
2017-11-07 00:55:51,578 [pool-2-thread-1] WARN  a.h.c.p.ResponseProcessCookies - Invalid cookie header: "Set-Cookie: proselytize=1; domain=.rambler.ru; path=/; expires=_Wed, 20-Jul-18 23:55:55 GMT". Invalid 'expires' attribute: _Wed, 20-Jul-18 23:55:55 GMT
2017-11-07 00:55:51,578 [pool-2-thread-1] DEBUG r.d.m.c.SimpleChecker          - Success
2017-11-07 00:55:51,578 [pool-2-thread-1] DEBUG r.d.m.h.HistoryHandler         - >> writeHistory for mnemo=rambler and checkResult=[mnemo=rambler, url=http://rambler.ru, status=UP]
2017-11-07 00:55:56,742 [pool-2-thread-1] DEBUG r.d.m.c.SimpleChecker          - Success
2017-11-07 00:55:56,742 [pool-2-thread-1] DEBUG r.d.m.h.HistoryHandler         - >> writeHistory for mnemo=yandex and checkResult=[mnemo=yandex, url=http://ya.ru, status=UP]
2017-11-07 00:55:56,898 [pool-2-thread-1] DEBUG r.d.m.c.SimpleChecker          - Success
2017-11-07 00:55:56,898 [pool-2-thread-1] DEBUG r.d.m.h.HistoryHandler         - >> writeHistory for mnemo=google and checkResult=[mnemo=google, url=http://google.com, status=UP]
2017-11-07 00:55:56,945 [pool-2-thread-1] WARN  a.h.c.p.ResponseProcessCookies - Invalid cookie header: "Set-Cookie: proselytize=1; domain=.rambler.ru; path=/; expires=_Wed, 20-Jul-18 23:55:55 GMT". Invalid 'expires' attribute: _Wed, 20-Jul-18 23:55:55 GMT
2017-11-07 00:55:56,945 [pool-2-thread-1] DEBUG r.d.m.c.SimpleChecker          - Success
2017-11-07 00:55:56,945 [pool-2-thread-1] DEBUG r.d.m.h.HistoryHandler         - >> writeHistory for mnemo=rambler and checkResult=[mnemo=rambler, url=http://rambler.ru, status=UP]
2017-11-07 00:55:57,959 [nio-8888-exec-8] DEBUG r.d.m.r.a.MonitorService       - >> getStatus by mnemo: google
2017-11-07 00:55:57,959 [nio-8888-exec-8] DEBUG r.d.m.h.HistoryHandler         - >> getLastCheckResult for mnemo=google
2017-11-07 00:55:57,959 [nio-8888-exec-8] WARN  efaultHandlerExceptionResolver - Failed to write HTTP message: org.springframework.http.converter.HttpMessageNotWritableException: Could not write JSON: (was java.lang.NullPointerException); nested exception is com.fasterxml.jackson.databind.JsonMappingException: (was java.lang.NullPointerException) (through reference chain: ru.dtnm.monitor.model.CheckResult["lastResponseString"])
2017-11-07 00:56:02,061 [pool-2-thread-1] DEBUG r.d.m.c.SimpleChecker          - Success
2017-11-07 00:56:02,061 [pool-2-thread-1] DEBUG r.d.m.h.HistoryHandler         - >> writeHistory for mnemo=yandex and checkResult=[mnemo=yandex, url=http://ya.ru, status=UP]
2017-11-07 00:56:02,171 [pool-2-thread-1] DEBUG r.d.m.c.SimpleChecker          - Success
2017-11-07 00:56:02,171 [pool-2-thread-1] DEBUG r.d.m.h.HistoryHandler         - >> writeHistory for mnemo=google and checkResult=[mnemo=google, url=http://google.com, status=UP]
2017-11-07 00:56:02,217 [pool-2-thread-1] WARN  a.h.c.p.ResponseProcessCookies - Invalid cookie header: "Set-Cookie: proselytize=1; domain=.rambler.ru; path=/; expires=_Wed, 20-Jul-18 23:55:55 GMT". Invalid 'expires' attribute: _Wed, 20-Jul-18 23:55:55 GMT
2017-11-07 00:56:02,217 [pool-2-thread-1] DEBUG r.d.m.c.SimpleChecker          - Success
2017-11-07 00:56:02,217 [pool-2-thread-1] DEBUG r.d.m.h.HistoryHandler         - >> writeHistory for mnemo=rambler and checkResult=[mnemo=rambler, url=http://rambler.ru, status=UP]
2017-11-07 00:56:07,324 [pool-2-thread-1] DEBUG r.d.m.c.SimpleChecker          - Success
2017-11-07 00:56:07,324 [pool-2-thread-1] DEBUG r.d.m.h.HistoryHandler         - >> writeHistory for mnemo=yandex and checkResult=[mnemo=yandex, url=http://ya.ru, status=UP]
2017-11-07 00:56:07,495 [pool-2-thread-1] DEBUG r.d.m.c.SimpleChecker          - Success
2017-11-07 00:56:07,495 [pool-2-thread-1] DEBUG r.d.m.h.HistoryHandler         - >> writeHistory for mnemo=google and checkResult=[mnemo=google, url=http://google.com, status=UP]
2017-11-07 00:56:07,558 [pool-2-thread-1] WARN  a.h.c.p.ResponseProcessCookies - Invalid cookie header: "Set-Cookie: proselytize=1; domain=.rambler.ru; path=/; expires=_Wed, 20-Jul-18 23:55:55 GMT". Invalid 'expires' attribute: _Wed, 20-Jul-18 23:55:55 GMT
2017-11-07 00:56:07,558 [pool-2-thread-1] DEBUG r.d.m.c.SimpleChecker          - Success
2017-11-07 00:56:07,558 [pool-2-thread-1] DEBUG r.d.m.h.HistoryHandler         - >> writeHistory for mnemo=rambler and checkResult=[mnemo=rambler, url=http://rambler.ru, status=UP]
2017-11-07 00:56:12,706 [pool-2-thread-1] DEBUG r.d.m.c.SimpleChecker          - Success
2017-11-07 00:56:12,706 [pool-2-thread-1] DEBUG r.d.m.h.HistoryHandler         - >> writeHistory for mnemo=yandex and checkResult=[mnemo=yandex, url=http://ya.ru, status=UP]
2017-11-07 00:56:12,846 [pool-2-thread-1] DEBUG r.d.m.c.SimpleChecker          - Success
2017-11-07 00:56:12,846 [pool-2-thread-1] DEBUG r.d.m.h.HistoryHandler         - >> writeHistory for mnemo=google and checkResult=[mnemo=google, url=http://google.com, status=UP]
2017-11-07 00:56:12,877 [pool-2-thread-1] WARN  a.h.c.p.ResponseProcessCookies - Invalid cookie header: "Set-Cookie: proselytize=1; domain=.rambler.ru; path=/; expires=_Wed, 20-Jul-18 23:55:55 GMT". Invalid 'expires' attribute: _Wed, 20-Jul-18 23:55:55 GMT
2017-11-07 00:56:12,877 [pool-2-thread-1] DEBUG r.d.m.c.SimpleChecker          - Success
2017-11-07 00:56:12,877 [pool-2-thread-1] DEBUG r.d.m.h.HistoryHandler         - >> writeHistory for mnemo=rambler and checkResult=[mnemo=rambler, url=http://rambler.ru, status=UP]
2017-11-07 00:56:18,041 [pool-2-thread-1] DEBUG r.d.m.c.SimpleChecker          - Success
2017-11-07 00:56:18,041 [pool-2-thread-1] DEBUG r.d.m.h.HistoryHandler         - >> writeHistory for mnemo=yandex and checkResult=[mnemo=yandex, url=http://ya.ru, status=UP]
2017-11-07 00:56:18,181 [pool-2-thread-1] DEBUG r.d.m.c.SimpleChecker          - Success
2017-11-07 00:56:18,181 [pool-2-thread-1] DEBUG r.d.m.h.HistoryHandler         - >> writeHistory for mnemo=google and checkResult=[mnemo=google, url=http://google.com, status=UP]
2017-11-07 00:56:18,259 [pool-2-thread-1] WARN  a.h.c.p.ResponseProcessCookies - Invalid cookie header: "Set-Cookie: proselytize=1; domain=.rambler.ru; path=/; expires=_Wed, 20-Jul-18 23:55:55 GMT". Invalid 'expires' attribute: _Wed, 20-Jul-18 23:55:55 GMT
2017-11-07 00:56:18,259 [pool-2-thread-1] DEBUG r.d.m.c.SimpleChecker          - Success
2017-11-07 00:56:18,259 [pool-2-thread-1] DEBUG r.d.m.h.HistoryHandler         - >> writeHistory for mnemo=rambler and checkResult=[mnemo=rambler, url=http://rambler.ru, status=UP]
2017-11-07 00:56:23,438 [pool-2-thread-1] DEBUG r.d.m.c.SimpleChecker          - Success
2017-11-07 00:56:23,438 [pool-2-thread-1] DEBUG r.d.m.h.HistoryHandler         - >> writeHistory for mnemo=yandex and checkResult=[mnemo=yandex, url=http://ya.ru, status=UP]
2017-11-07 00:56:26,293 [pool-2-thread-1] DEBUG r.d.m.c.SimpleChecker          - Success
2017-11-07 00:56:26,293 [pool-2-thread-1] DEBUG r.d.m.h.HistoryHandler         - >> writeHistory for mnemo=google and checkResult=[mnemo=google, url=http://google.com, status=UP]
2017-11-07 00:56:28,555 [pool-2-thread-1] WARN  a.h.c.p.ResponseProcessCookies - Invalid cookie header: "Set-Cookie: proselytize=1; domain=.rambler.ru; path=/; expires=_Wed, 20-Jul-18 23:55:55 GMT". Invalid 'expires' attribute: _Wed, 20-Jul-18 23:55:55 GMT
2017-11-07 00:56:28,571 [pool-2-thread-1] DEBUG r.d.m.c.SimpleChecker          - Success
2017-11-07 00:56:28,571 [pool-2-thread-1] DEBUG r.d.m.h.HistoryHandler         - >> writeHistory for mnemo=rambler and checkResult=[mnemo=rambler, url=http://rambler.ru, status=UP]
2017-11-07 00:56:34,187 [pool-2-thread-1] DEBUG r.d.m.c.SimpleChecker          - Success
2017-11-07 00:56:34,187 [pool-2-thread-1] DEBUG r.d.m.h.HistoryHandler         - >> writeHistory for mnemo=yandex and checkResult=[mnemo=yandex, url=http://ya.ru, status=UP]
2017-11-07 00:56:34,327 [pool-2-thread-1] DEBUG r.d.m.c.SimpleChecker          - Success
2017-11-07 00:56:34,327 [pool-2-thread-1] DEBUG r.d.m.h.HistoryHandler         - >> writeHistory for mnemo=google and checkResult=[mnemo=google, url=http://google.com, status=UP]
2017-11-07 00:56:34,358 [pool-2-thread-1] WARN  a.h.c.p.ResponseProcessCookies - Invalid cookie header: "Set-Cookie: proselytize=1; domain=.rambler.ru; path=/; expires=_Wed, 20-Jul-18 23:55:55 GMT". Invalid 'expires' attribute: _Wed, 20-Jul-18 23:55:55 GMT
2017-11-07 00:56:34,358 [pool-2-thread-1] DEBUG r.d.m.c.SimpleChecker          - Success
2017-11-07 00:56:34,358 [pool-2-thread-1] DEBUG r.d.m.h.HistoryHandler         - >> writeHistory for mnemo=rambler and checkResult=[mnemo=rambler, url=http://rambler.ru, status=UP]
2017-11-07 00:56:39,506 [pool-2-thread-1] DEBUG r.d.m.c.SimpleChecker          - Success
2017-11-07 00:56:39,506 [pool-2-thread-1] DEBUG r.d.m.h.HistoryHandler         - >> writeHistory for mnemo=yandex and checkResult=[mnemo=yandex, url=http://ya.ru, status=UP]
2017-11-07 00:56:39,647 [pool-2-thread-1] DEBUG r.d.m.c.SimpleChecker          - Success
2017-11-07 00:56:39,647 [pool-2-thread-1] DEBUG r.d.m.h.HistoryHandler         - >> writeHistory for mnemo=google and checkResult=[mnemo=google, url=http://google.com, status=UP]
2017-11-07 00:56:39,694 [pool-2-thread-1] WARN  a.h.c.p.ResponseProcessCookies - Invalid cookie header: "Set-Cookie: proselytize=1; domain=.rambler.ru; path=/; expires=_Wed, 20-Jul-18 23:55:55 GMT". Invalid 'expires' attribute: _Wed, 20-Jul-18 23:55:55 GMT
2017-11-07 00:56:39,694 [pool-2-thread-1] DEBUG r.d.m.c.SimpleChecker          - Success
2017-11-07 00:56:39,694 [pool-2-thread-1] DEBUG r.d.m.h.HistoryHandler         - >> writeHistory for mnemo=rambler and checkResult=[mnemo=rambler, url=http://rambler.ru, status=UP]
2017-11-07 00:56:44,873 [pool-2-thread-1] DEBUG r.d.m.c.SimpleChecker          - Success
2017-11-07 00:56:44,873 [pool-2-thread-1] DEBUG r.d.m.h.HistoryHandler         - >> writeHistory for mnemo=yandex and checkResult=[mnemo=yandex, url=http://ya.ru, status=UP]
2017-11-07 00:56:45,013 [pool-2-thread-1] DEBUG r.d.m.c.SimpleChecker          - Success
2017-11-07 00:56:45,013 [pool-2-thread-1] DEBUG r.d.m.h.HistoryHandler         - >> writeHistory for mnemo=google and checkResult=[mnemo=google, url=http://google.com, status=UP]
2017-11-07 00:56:45,060 [pool-2-thread-1] WARN  a.h.c.p.ResponseProcessCookies - Invalid cookie header: "Set-Cookie: proselytize=1; domain=.rambler.ru; path=/; expires=_Wed, 20-Jul-18 23:55:55 GMT". Invalid 'expires' attribute: _Wed, 20-Jul-18 23:55:55 GMT
2017-11-07 00:56:45,060 [pool-2-thread-1] DEBUG r.d.m.c.SimpleChecker          - Success
2017-11-07 00:56:45,060 [pool-2-thread-1] DEBUG r.d.m.h.HistoryHandler         - >> writeHistory for mnemo=rambler and checkResult=[mnemo=rambler, url=http://rambler.ru, status=UP]
2017-11-07 00:56:50,208 [pool-2-thread-1] DEBUG r.d.m.c.SimpleChecker          - Success
2017-11-07 00:56:50,208 [pool-2-thread-1] DEBUG r.d.m.h.HistoryHandler         - >> writeHistory for mnemo=yandex and checkResult=[mnemo=yandex, url=http://ya.ru, status=UP]
2017-11-07 00:56:50,364 [pool-2-thread-1] DEBUG r.d.m.c.SimpleChecker          - Success
2017-11-07 00:56:50,364 [pool-2-thread-1] DEBUG r.d.m.h.HistoryHandler         - >> writeHistory for mnemo=google and checkResult=[mnemo=google, url=http://google.com, status=UP]
2017-11-07 00:56:50,426 [pool-2-thread-1] WARN  a.h.c.p.ResponseProcessCookies - Invalid cookie header: "Set-Cookie: proselytize=1; domain=.rambler.ru; path=/; expires=_Wed, 20-Jul-18 23:55:55 GMT". Invalid 'expires' attribute: _Wed, 20-Jul-18 23:55:55 GMT
2017-11-07 00:56:50,426 [pool-2-thread-1] DEBUG r.d.m.c.SimpleChecker          - Success
2017-11-07 00:56:50,426 [pool-2-thread-1] DEBUG r.d.m.h.HistoryHandler         - >> writeHistory for mnemo=rambler and checkResult=[mnemo=rambler, url=http://rambler.ru, status=UP]
2017-11-07 00:56:55,560 [pool-2-thread-1] DEBUG r.d.m.c.SimpleChecker          - Success
2017-11-07 00:56:58,321 [pool-2-thread-1] DEBUG r.d.m.h.HistoryHandler         - >> writeHistory for mnemo=yandex and checkResult=[mnemo=yandex, url=http://ya.ru, status=UP]
2017-11-07 00:56:58,430 [pool-2-thread-1] DEBUG r.d.m.c.SimpleChecker          - Success
2017-11-07 00:57:02,673 [pool-2-thread-1] DEBUG r.d.m.h.HistoryHandler         - >> writeHistory for mnemo=google and checkResult=[mnemo=google, url=http://google.com, status=UP]
2017-11-07 00:57:02,720 [pool-2-thread-1] WARN  a.h.c.p.ResponseProcessCookies - Invalid cookie header: "Set-Cookie: proselytize=1; domain=.rambler.ru; path=/; expires=_Wed, 20-Jul-18 23:55:55 GMT". Invalid 'expires' attribute: _Wed, 20-Jul-18 23:55:55 GMT
2017-11-07 00:57:02,720 [pool-2-thread-1] DEBUG r.d.m.c.SimpleChecker          - Success
2017-11-07 00:57:03,110 [pool-2-thread-1] DEBUG r.d.m.h.HistoryHandler         - >> writeHistory for mnemo=rambler and checkResult=[mnemo=rambler, url=http://rambler.ru, status=UP]
2017-11-07 00:57:08,291 [pool-2-thread-1] DEBUG r.d.m.c.SimpleChecker          - Success
2017-11-07 00:57:08,291 [pool-2-thread-1] DEBUG r.d.m.h.HistoryHandler         - >> writeHistory for mnemo=yandex and checkResult=[mnemo=yandex, url=http://ya.ru, status=UP]
2017-11-07 00:57:08,463 [pool-2-thread-1] DEBUG r.d.m.c.SimpleChecker          - Success
2017-11-07 00:57:08,463 [pool-2-thread-1] DEBUG r.d.m.h.HistoryHandler         - >> writeHistory for mnemo=google and checkResult=[mnemo=google, url=http://google.com, status=UP]
2017-11-07 00:57:08,650 [pool-2-thread-1] WARN  a.h.c.p.ResponseProcessCookies - Invalid cookie header: "Set-Cookie: proselytize=1; domain=.rambler.ru; path=/; expires=_Wed, 20-Jul-18 23:55:55 GMT". Invalid 'expires' attribute: _Wed, 20-Jul-18 23:55:55 GMT
2017-11-07 00:57:08,650 [pool-2-thread-1] DEBUG r.d.m.c.SimpleChecker          - Success
2017-11-07 00:57:08,650 [pool-2-thread-1] DEBUG r.d.m.h.HistoryHandler         - >> writeHistory for mnemo=rambler and checkResult=[mnemo=rambler, url=http://rambler.ru, status=UP]
2017-11-07 00:57:13,814 [pool-2-thread-1] DEBUG r.d.m.c.SimpleChecker          - Success
2017-11-07 00:57:13,814 [pool-2-thread-1] DEBUG r.d.m.h.HistoryHandler         - >> writeHistory for mnemo=yandex and checkResult=[mnemo=yandex, url=http://ya.ru, status=UP]
2017-11-07 00:57:18,650 [pool-2-thread-1] DEBUG r.d.m.c.SimpleChecker          - Success
2017-11-07 00:57:18,650 [pool-2-thread-1] DEBUG r.d.m.h.HistoryHandler         - >> writeHistory for mnemo=google and checkResult=[mnemo=google, url=http://google.com, status=UP]
2017-11-07 00:57:44,720 [pool-2-thread-1] WARN  a.h.c.p.ResponseProcessCookies - Invalid cookie header: "Set-Cookie: proselytize=1; domain=.rambler.ru; path=/; expires=_Wed, 20-Jul-18 23:55:55 GMT". Invalid 'expires' attribute: _Wed, 20-Jul-18 23:55:55 GMT
2017-11-07 00:57:44,720 [pool-2-thread-1] DEBUG r.d.m.c.SimpleChecker          - Success
2017-11-07 00:57:44,720 [pool-2-thread-1] DEBUG r.d.m.h.HistoryHandler         - >> writeHistory for mnemo=rambler and checkResult=[mnemo=rambler, url=http://rambler.ru, status=UP]
2017-11-07 00:57:53,803 [main           ] INFO  r.d.m.MonitorApplication       - Starting MonitorApplication on WIN-CPFSJDN8SPF with PID 5704 (D:\IT-Energy\monitor\target\classes started by Администратор in D:\IT-Energy\monitor)
2017-11-07 00:57:53,803 [main           ] DEBUG r.d.m.MonitorApplication       - Running with Spring Boot v1.5.8.RELEASE, Spring v4.3.12.RELEASE
2017-11-07 00:57:53,803 [main           ] INFO  r.d.m.MonitorApplication       - No active profile set, falling back to default profiles: default
2017-11-07 00:57:53,865 [main           ] INFO  gEmbeddedWebApplicationContext - Refreshing org.springframework.boot.context.embedded.AnnotationConfigEmbeddedWebApplicationContext@c667f46: startup date [Tue Nov 07 00:57:53 MSK 2017]; root of context hierarchy
2017-11-07 00:57:54,692 [kground-preinit] INFO  o.h.v.i.u.Version              - HV000001: Hibernate Validator 5.3.5.Final
2017-11-07 00:57:54,739 [main           ] INFO  .b.f.x.XmlBeanDefinitionReader - Loading XML bean definitions from class path resource [META-INF/cxf/cxf.xml]
2017-11-07 00:57:56,252 [main           ] INFO  TomcatEmbeddedServletContainer - Tomcat initialized with port(s): 8888 (http)
2017-11-07 00:57:56,268 [main           ] INFO  o.a.c.c.StandardService        - Starting service [Tomcat]
2017-11-07 00:57:56,268 [main           ] INFO  o.a.c.c.StandardEngine         - Starting Servlet Engine: Apache Tomcat/8.5.23
2017-11-07 00:57:56,471 [ost-startStop-1] INFO  o.a.c.c.C.[.[.[/monitor]       - Initializing Spring embedded WebApplicationContext
2017-11-07 00:57:56,471 [ost-startStop-1] INFO  o.s.w.c.ContextLoader          - Root WebApplicationContext: initialization completed in 2606 ms
2017-11-07 00:57:56,705 [ost-startStop-1] WARN  PropertiesBindingPostProcessor - The @ConfigurationProperties bean class org.apache.cxf.spring.boot.autoconfigure.CxfProperties contains validation constraints but had not been annotated with @Validated.
2017-11-07 00:57:56,705 [ost-startStop-1] WARN  PropertiesBindingPostProcessor - The @ConfigurationProperties bean class org.apache.cxf.spring.boot.autoconfigure.CxfProperties contains validation constraints but had not been annotated with @Validated.
2017-11-07 00:57:56,705 [ost-startStop-1] WARN  PropertiesBindingPostProcessor - The @ConfigurationProperties bean class org.apache.cxf.spring.boot.autoconfigure.CxfProperties contains validation constraints but had not been annotated with @Validated.
2017-11-07 00:57:56,845 [ost-startStop-1] INFO  .b.w.s.ServletRegistrationBean - Mapping servlet: 'dispatcherServlet' to [/]
2017-11-07 00:57:56,845 [ost-startStop-1] INFO  .b.w.s.ServletRegistrationBean - Mapping servlet: 'CXFServlet' to [/services/*]
2017-11-07 00:57:56,861 [ost-startStop-1] INFO  s.b.w.s.FilterRegistrationBean - Mapping filter: 'characterEncodingFilter' to: [/*]
2017-11-07 00:57:56,861 [ost-startStop-1] INFO  s.b.w.s.FilterRegistrationBean - Mapping filter: 'hiddenHttpMethodFilter' to: [/*]
2017-11-07 00:57:56,861 [ost-startStop-1] INFO  s.b.w.s.FilterRegistrationBean - Mapping filter: 'httpPutFormContentFilter' to: [/*]
2017-11-07 00:57:56,861 [ost-startStop-1] INFO  s.b.w.s.FilterRegistrationBean - Mapping filter: 'requestContextFilter' to: [/*]
2017-11-07 00:57:57,407 [main           ] INFO  a.RequestMappingHandlerAdapter - Looking for @ControllerAdvice: org.springframework.boot.context.embedded.AnnotationConfigEmbeddedWebApplicationContext@c667f46: startup date [Tue Nov 07 00:57:53 MSK 2017]; root of context hierarchy
2017-11-07 00:57:57,531 [main           ] INFO  a.RequestMappingHandlerMapping - Mapped "{[/config/refresh],methods=[GET],produces=[application/json]}" onto public void ru.dtnm.monitor.rest.api.ConfigService.refreshConfig()
2017-11-07 00:57:57,531 [main           ] INFO  a.RequestMappingHandlerMapping - Mapped "{[/config/],methods=[GET],produces=[application/json]}" onto public ru.dtnm.monitor.model.config.MonitorConfig ru.dtnm.monitor.rest.api.ConfigService.getCurrentConfig() throws java.io.IOException
2017-11-07 00:57:57,531 [main           ] INFO  a.RequestMappingHandlerMapping - Mapped "{[/info/{mnemo}],methods=[GET],produces=[application/json]}" onto public ru.dtnm.monitor.model.CheckResult ru.dtnm.monitor.rest.api.MonitorService.getStatus(java.lang.String)
2017-11-07 00:57:57,531 [main           ] INFO  a.RequestMappingHandlerMapping - Mapped "{[/info/all],methods=[GET],produces=[application/json]}" onto public java.util.List<ru.dtnm.monitor.model.CheckResult> ru.dtnm.monitor.rest.api.MonitorService.getAllResults()
2017-11-07 00:57:57,531 [main           ] INFO  a.RequestMappingHandlerMapping - Mapped "{[/error]}" onto public org.springframework.http.ResponseEntity<java.util.Map<java.lang.String, java.lang.Object>> org.springframework.boot.autoconfigure.web.BasicErrorController.error(javax.servlet.http.HttpServletRequest)
2017-11-07 00:57:57,531 [main           ] INFO  a.RequestMappingHandlerMapping - Mapped "{[/error],produces=[text/html]}" onto public org.springframework.web.servlet.ModelAndView org.springframework.boot.autoconfigure.web.BasicErrorController.errorHtml(javax.servlet.http.HttpServletRequest,javax.servlet.http.HttpServletResponse)
2017-11-07 00:57:57,578 [main           ] INFO  .w.s.h.SimpleUrlHandlerMapping - Mapped URL path [/webjars/**] onto handler of type [class org.springframework.web.servlet.resource.ResourceHttpRequestHandler]
2017-11-07 00:57:57,578 [main           ] INFO  .w.s.h.SimpleUrlHandlerMapping - Mapped URL path [/**] onto handler of type [class org.springframework.web.servlet.resource.ResourceHttpRequestHandler]
2017-11-07 00:57:57,625 [main           ] INFO  .w.s.h.SimpleUrlHandlerMapping - Mapped URL path [/**/favicon.ico] onto handler of type [class org.springframework.web.servlet.resource.ResourceHttpRequestHandler]
2017-11-07 00:57:57,984 [main           ] INFO  .j.e.a.AnnotationMBeanExporter - Registering beans for JMX exposure on startup
2017-11-07 00:57:57,999 [main           ] INFO  ledAnnotationBeanPostProcessor - No TaskScheduler/ScheduledExecutorService bean found for scheduled processing
2017-11-07 00:57:57,999 [main           ] INFO  o.a.c.h.Http11NioProtocol      - Initializing ProtocolHandler ["http-nio-8888"]
2017-11-07 00:57:58,015 [main           ] INFO  o.a.c.h.Http11NioProtocol      - Starting ProtocolHandler ["http-nio-8888"]
2017-11-07 00:57:58,187 [main           ] INFO  o.a.t.u.n.NioSelectorPool      - Using a shared selector for servlet write/read
2017-11-07 00:57:58,202 [main           ] INFO  TomcatEmbeddedServletContainer - Tomcat started on port(s): 8888 (http)
2017-11-07 00:57:58,202 [main           ] INFO  r.d.m.MonitorApplication       - Started MonitorApplication in 4.727 seconds (JVM running for 5.461)
2017-11-07 00:57:58,982 [pool-2-thread-1] DEBUG r.d.m.c.SimpleChecker          - Success
2017-11-07 00:57:58,982 [pool-2-thread-1] DEBUG r.d.m.h.HistoryHandler         - >> writeHistory for mnemo=yandex and checkResult=[mnemo=yandex, url=http://ya.ru, status=UP]
2017-11-07 00:58:03,428 [pool-2-thread-1] DEBUG r.d.m.c.SimpleChecker          - Success
2017-11-07 00:58:03,428 [pool-2-thread-1] DEBUG r.d.m.h.HistoryHandler         - >> writeHistory for mnemo=google and checkResult=[mnemo=google, url=http://google.com, status=UP]
2017-11-07 00:58:03,475 [pool-2-thread-1] WARN  a.h.c.p.ResponseProcessCookies - Invalid cookie header: "Set-Cookie: proselytize=1; domain=.rambler.ru; path=/; expires=_Wed, 20-Jul-18 23:55:55 GMT". Invalid 'expires' attribute: _Wed, 20-Jul-18 23:55:55 GMT
2017-11-07 00:58:03,475 [pool-2-thread-1] DEBUG r.d.m.c.SimpleChecker          - Success
2017-11-07 00:58:03,475 [pool-2-thread-1] DEBUG r.d.m.h.HistoryHandler         - >> writeHistory for mnemo=rambler and checkResult=[mnemo=rambler, url=http://rambler.ru, status=UP]
2017-11-07 00:58:07,188 [nio-8888-exec-1] INFO  o.a.c.c.C.[.[.[/monitor]       - Initializing Spring FrameworkServlet 'dispatcherServlet'
2017-11-07 00:58:07,188 [nio-8888-exec-1] INFO  o.s.w.s.DispatcherServlet      - FrameworkServlet 'dispatcherServlet': initialization started
2017-11-07 00:58:07,203 [nio-8888-exec-1] INFO  o.s.w.s.DispatcherServlet      - FrameworkServlet 'dispatcherServlet': initialization completed in 15 ms
2017-11-07 00:58:07,250 [nio-8888-exec-1] DEBUG r.d.m.r.a.MonitorService       - >> getStatus by mnemo: google
2017-11-07 00:58:07,250 [nio-8888-exec-1] DEBUG r.d.m.h.HistoryHandler         - >> getLastCheckResult for mnemo=google
2017-11-07 00:58:08,623 [pool-2-thread-1] DEBUG r.d.m.c.SimpleChecker          - Success
2017-11-07 00:58:08,623 [pool-2-thread-1] DEBUG r.d.m.h.HistoryHandler         - >> writeHistory for mnemo=yandex and checkResult=[mnemo=yandex, url=http://ya.ru, status=UP]
2017-11-07 00:58:08,779 [pool-2-thread-1] DEBUG r.d.m.c.SimpleChecker          - Success
2017-11-07 00:58:08,779 [pool-2-thread-1] DEBUG r.d.m.h.HistoryHandler         - >> writeHistory for mnemo=google and checkResult=[mnemo=google, url=http://google.com, status=UP]
2017-11-07 00:58:08,841 [pool-2-thread-1] WARN  a.h.c.p.ResponseProcessCookies - Invalid cookie header: "Set-Cookie: proselytize=1; domain=.rambler.ru; path=/; expires=_Wed, 20-Jul-18 23:55:55 GMT". Invalid 'expires' attribute: _Wed, 20-Jul-18 23:55:55 GMT
2017-11-07 00:58:08,841 [pool-2-thread-1] DEBUG r.d.m.c.SimpleChecker          - Success
2017-11-07 00:58:08,841 [pool-2-thread-1] DEBUG r.d.m.h.HistoryHandler         - >> writeHistory for mnemo=rambler and checkResult=[mnemo=rambler, url=http://rambler.ru, status=UP]
2017-11-07 00:58:13,960 [pool-2-thread-1] DEBUG r.d.m.c.SimpleChecker          - Success
2017-11-07 00:58:13,960 [pool-2-thread-1] DEBUG r.d.m.h.HistoryHandler         - >> writeHistory for mnemo=yandex and checkResult=[mnemo=yandex, url=http://ya.ru, status=UP]
2017-11-07 00:58:14,101 [pool-2-thread-1] DEBUG r.d.m.c.SimpleChecker          - Success
2017-11-07 00:58:14,101 [pool-2-thread-1] DEBUG r.d.m.h.HistoryHandler         - >> writeHistory for mnemo=google and checkResult=[mnemo=google, url=http://google.com, status=UP]
2017-11-07 00:58:14,132 [pool-2-thread-1] WARN  a.h.c.p.ResponseProcessCookies - Invalid cookie header: "Set-Cookie: proselytize=1; domain=.rambler.ru; path=/; expires=_Wed, 20-Jul-18 23:55:55 GMT". Invalid 'expires' attribute: _Wed, 20-Jul-18 23:55:55 GMT
2017-11-07 00:58:14,147 [pool-2-thread-1] DEBUG r.d.m.c.SimpleChecker          - Success
2017-11-07 00:58:14,147 [pool-2-thread-1] DEBUG r.d.m.h.HistoryHandler         - >> writeHistory for mnemo=rambler and checkResult=[mnemo=rambler, url=http://rambler.ru, status=UP]
2017-11-07 00:58:16,628 [nio-8888-exec-2] DEBUG r.d.m.r.a.MonitorService       - >> getAllResults
2017-11-07 00:58:16,675 [nio-8888-exec-2] DEBUG r.d.m.h.HistoryHandler         - >> getLastCheckResult for mnemo=yandex
2017-11-07 00:58:16,675 [nio-8888-exec-2] DEBUG r.d.m.h.HistoryHandler         - >> getLastCheckResult for mnemo=google
2017-11-07 00:58:16,675 [nio-8888-exec-2] DEBUG r.d.m.h.HistoryHandler         - >> getLastCheckResult for mnemo=rambler
2017-11-07 00:58:19,374 [pool-2-thread-1] DEBUG r.d.m.c.SimpleChecker          - Success
2017-11-07 00:58:19,374 [pool-2-thread-1] DEBUG r.d.m.h.HistoryHandler         - >> writeHistory for mnemo=yandex and checkResult=[mnemo=yandex, url=http://ya.ru, status=UP]
2017-11-07 00:58:19,515 [pool-2-thread-1] DEBUG r.d.m.c.SimpleChecker          - Success
2017-11-07 00:58:19,515 [pool-2-thread-1] DEBUG r.d.m.h.HistoryHandler         - >> writeHistory for mnemo=google and checkResult=[mnemo=google, url=http://google.com, status=UP]
2017-11-07 00:58:19,562 [pool-2-thread-1] WARN  a.h.c.p.ResponseProcessCookies - Invalid cookie header: "Set-Cookie: proselytize=1; domain=.rambler.ru; path=/; expires=_Wed, 20-Jul-18 23:55:55 GMT". Invalid 'expires' attribute: _Wed, 20-Jul-18 23:55:55 GMT
2017-11-07 00:58:19,562 [pool-2-thread-1] DEBUG r.d.m.c.SimpleChecker          - Success
2017-11-07 00:58:19,562 [pool-2-thread-1] DEBUG r.d.m.h.HistoryHandler         - >> writeHistory for mnemo=rambler and checkResult=[mnemo=rambler, url=http://rambler.ru, status=UP]
